# JRE version: OpenJDK Runtime Environment (11.0.12+7) (build 11.0.12+7-b1504.28-7817840)
# Java VM: OpenJDK 64-Bit Server VM (11.0.12+7-b1504.28-7817840, mixed mode, tiered, compressed oops, g1 gc, windows-amd64)
Heap:
 garbage-first heap   total 253952K, used 107220K [0x0000000080000000, 0x0000000100000000)
  region size 1024K, 6 young (6144K), 1 survivors (1024K)
 Metaspace       used 115626K, capacity 118886K, committed 120892K, reserved 1153024K
  class space    used 15089K, capacity 16337K, committed 17152K, reserved 1048576K
GC Heap History (20 events):
Event: 12.423 GC heap before
{Heap before GC invocations=31 (full 0):
 garbage-first heap   total 175104K, used 126278K [0x0000000080000000, 0x0000000100000000)
  region size 1024K, 39 young (39936K), 1 survivors (1024K)
 Metaspace       used 92267K, capacity 94461K, committed 94908K, reserved 1132544K
  class space    used 11890K, capacity 12728K, committed 12928K, reserved 1048576K
}
Event: 12.435 GC heap after
{Heap after GC invocations=32 (full 0):
 garbage-first heap   total 175104K, used 91902K [0x0000000080000000, 0x0000000100000000)
  region size 1024K, 5 young (5120K), 5 survivors (5120K)
 Metaspace       used 92267K, capacity 94461K, committed 94908K, reserved 1132544K
  class space    used 11890K, capacity 12728K, committed 12928K, reserved 1048576K
}
Event: 13.183 GC heap before
{Heap before GC invocations=33 (full 0):
 garbage-first heap   total 175104K, used 124670K [0x0000000080000000, 0x0000000100000000)
  region size 1024K, 43 young (44032K), 5 survivors (5120K)
 Metaspace       used 95552K, capacity 97936K, committed 97980K, reserved 1134592K
  class space    used 12262K, capacity 13164K, committed 13184K, reserved 1048576K
}
Event: 13.190 GC heap after
{Heap after GC invocations=34 (full 0):
 garbage-first heap   total 175104K, used 94568K [0x0000000080000000, 0x0000000100000000)
  region size 1024K, 6 young (6144K), 6 survivors (6144K)
 Metaspace       used 95552K, capacity 97936K, committed 97980K, reserved 1134592K
  class space    used 12262K, capacity 13164K, committed 13184K, reserved 1048576K
}
Event: 13.225 GC heap before
{Heap before GC invocations=34 (full 0):
 garbage-first heap   total 175104K, used 95592K [0x0000000080000000, 0x0000000100000000)
  region size 1024K, 8 young (8192K), 6 survivors (6144K)
 Metaspace       used 96078K, capacity 98387K, committed 98620K, reserved 1134592K
  class space    used 12323K, capacity 13210K, committed 13312K, reserved 1048576K
}
Event: 13.228 GC heap after
{Heap after GC invocations=35 (full 0):
 garbage-first heap   total 175104K, used 94254K [0x0000000080000000, 0x0000000100000000)
  region size 1024K, 1 young (1024K), 1 survivors (1024K)
 Metaspace       used 96078K, capacity 98387K, committed 98620K, reserved 1134592K
  class space    used 12323K, capacity 13210K, committed 13312K, reserved 1048576K
}
Event: 13.463 GC heap before
{Heap before GC invocations=35 (full 0):
 garbage-first heap   total 175104K, used 130094K [0x0000000080000000, 0x0000000100000000)
  region size 1024K, 37 young (37888K), 1 survivors (1024K)
 Metaspace       used 96931K, capacity 99291K, committed 99388K, reserved 1136640K
  class space    used 12411K, capacity 13311K, committed 13312K, reserved 1048576K
}
Event: 13.468 GC heap after
{Heap after GC invocations=36 (full 0):
 garbage-first heap   total 175104K, used 96366K [0x0000000080000000, 0x0000000100000000)
  region size 1024K, 3 young (3072K), 3 survivors (3072K)
 Metaspace       used 96931K, capacity 99291K, committed 99388K, reserved 1136640K
  class space    used 12411K, capacity 13311K, committed 13312K, reserved 1048576K
}
Event: 13.913 GC heap before
{Heap before GC invocations=37 (full 0):
 garbage-first heap   total 175104K, used 133230K [0x0000000080000000, 0x0000000100000000)
  region size 1024K, 40 young (40960K), 3 survivors (3072K)
 Metaspace       used 103595K, capacity 106632K, committed 106684K, reserved 1140736K
  class space    used 13460K, capacity 14674K, committed 14720K, reserved 1048576K
}
Event: 13.918 GC heap after
{Heap after GC invocations=38 (full 0):
 garbage-first heap   total 210944K, used 98446K [0x0000000080000000, 0x0000000100000000)
  region size 1024K, 5 young (5120K), 5 survivors (5120K)
 Metaspace       used 103595K, capacity 106632K, committed 106684K, reserved 1140736K
  class space    used 13460K, capacity 14674K, committed 14720K, reserved 1048576K
}
Event: 13.982 GC heap before
{Heap before GC invocations=38 (full 0):
 garbage-first heap   total 210944K, used 103566K [0x0000000080000000, 0x0000000100000000)
  region size 1024K, 10 young (10240K), 5 survivors (5120K)
 Metaspace       used 104837K, capacity 107966K, committed 108220K, reserved 1142784K
  class space    used 13703K, capacity 14954K, committed 14976K, reserved 1048576K
}
Event: 13.987 GC heap after
{Heap after GC invocations=39 (full 0):
 garbage-first heap   total 210944K, used 96321K [0x0000000080000000, 0x0000000100000000)
  region size 1024K, 1 young (1024K), 1 survivors (1024K)
 Metaspace       used 104837K, capacity 107966K, committed 108220K, reserved 1142784K
  class space    used 13703K, capacity 14954K, committed 14976K, reserved 1048576K
}
Event: 14.495 GC heap before
{Heap before GC invocations=39 (full 0):
 garbage-first heap   total 210944K, used 153665K [0x0000000080000000, 0x0000000100000000)
  region size 1024K, 58 young (59392K), 1 survivors (1024K)
 Metaspace       used 111916K, capacity 115756K, committed 115900K, reserved 1148928K
  class space    used 14936K, capacity 16486K, committed 16512K, reserved 1048576K
}
Event: 14.500 GC heap after
{Heap after GC invocations=40 (full 0):
 garbage-first heap   total 210944K, used 98032K [0x0000000080000000, 0x0000000100000000)
  region size 1024K, 3 young (3072K), 3 survivors (3072K)
 Metaspace       used 111916K, capacity 115756K, committed 115900K, reserved 1148928K
  class space    used 14936K, capacity 16486K, committed 16512K, reserved 1048576K
}
Event: 15.294 GC heap before
{Heap before GC invocations=41 (full 0):
 garbage-first heap   total 210944K, used 168688K [0x0000000080000000, 0x0000000100000000)
  region size 1024K, 62 young (63488K), 3 survivors (3072K)
 Metaspace       used 115944K, capacity 119594K, committed 120636K, reserved 1153024K
  class space    used 15294K, capacity 16694K, committed 17152K, reserved 1048576K
}
Event: 15.302 GC heap after
{Heap after GC invocations=42 (full 0):
 garbage-first heap   total 210944K, used 101528K [0x0000000080000000, 0x0000000100000000)
  region size 1024K, 6 young (6144K), 6 survivors (6144K)
 Metaspace       used 115944K, capacity 119594K, committed 120636K, reserved 1153024K
  class space    used 15294K, capacity 16694K, committed 17152K, reserved 1048576K
}
Event: 123.065 GC heap before
{Heap before GC invocations=42 (full 0):
 garbage-first heap   total 210944K, used 105624K [0x0000000080000000, 0x0000000100000000)
  region size 1024K, 10 young (10240K), 6 survivors (6144K)
 Metaspace       used 116080K, capacity 119685K, committed 120636K, reserved 1153024K
  class space    used 15297K, capacity 16698K, committed 17152K, reserved 1048576K
}
Event: 123.072 GC heap after
{Heap after GC invocations=43 (full 0):
 garbage-first heap   total 253952K, used 96186K [0x0000000080000000, 0x0000000100000000)
  region size 1024K, 1 young (1024K), 1 survivors (1024K)
 Metaspace       used 116080K, capacity 119685K, committed 120636K, reserved 1153024K
  class space    used 15297K, capacity 16698K, committed 17152K, reserved 1048576K
}
Event: 186.324 GC heap before
{Heap before GC invocations=43 (full 0):
 garbage-first heap   total 253952K, used 101306K [0x0000000080000000, 0x0000000100000000)
  region size 1024K, 7 young (7168K), 1 survivors (1024K)
 Metaspace       used 116234K, capacity 119871K, committed 120892K, reserved 1153024K
  class space    used 15314K, capacity 16750K, committed 17152K, reserved 1048576K
}
Event: 186.328 GC heap after
{Heap after GC invocations=44 (full 0):
 garbage-first heap   total 253952K, used 95956K [0x0000000080000000, 0x0000000100000000)
  region size 1024K, 1 young (1024K), 1 survivors (1024K)
 Metaspace       used 116234K, capacity 119871K, committed 120892K, reserved 1153024K
  class space    used 15314K, capacity 16750K, committed 17152K, reserved 1048576K
}

