# JRE version: OpenJDK Runtime Environment (11.0.12+7) (build 11.0.12+7-b1504.28-7817840)
# Java VM: OpenJDK 64-Bit Server VM (11.0.12+7-b1504.28-7817840, mixed mode, tiered, compressed oops, g1 gc, windows-amd64)
Heap:
 garbage-first heap   total 276480K, used 188889K [0x0000000080000000, 0x0000000100000000)
  region size 1024K, 33 young (33792K), 2 survivors (2048K)
 Metaspace       used 118615K, capacity 121776K, committed 121856K, reserved 1155072K
  class space    used 14920K, capacity 16104K, committed 16128K, reserved 1048576K
GC Heap History (20 events):
Event: 32.453 GC heap before
{Heap before GC invocations=55 (full 0):
 garbage-first heap   total 230400K, used 165182K [0x0000000080000000, 0x0000000100000000)
  region size 1024K, 11 young (11264K), 6 survivors (6144K)
 Metaspace       used 117573K, capacity 120764K, committed 121088K, reserved 1155072K
  class space    used 14843K, capacity 16035K, committed 16128K, reserved 1048576K
}
Event: 32.457 GC heap after
{Heap after GC invocations=56 (full 0):
 garbage-first heap   total 230400K, used 159807K [0x0000000080000000, 0x0000000100000000)
  region size 1024K, 2 young (2048K), 2 survivors (2048K)
 Metaspace       used 117573K, capacity 120764K, committed 121088K, reserved 1155072K
  class space    used 14843K, capacity 16035K, committed 16128K, reserved 1048576K
}
Event: 32.580 GC heap before
{Heap before GC invocations=56 (full 0):
 garbage-first heap   total 230400K, used 193599K [0x0000000080000000, 0x0000000100000000)
  region size 1024K, 36 young (36864K), 2 survivors (2048K)
 Metaspace       used 117981K, capacity 121089K, committed 121344K, reserved 1155072K
  class space    used 14864K, capacity 16036K, committed 16128K, reserved 1048576K
}
Event: 32.584 GC heap after
{Heap after GC invocations=57 (full 0):
 garbage-first heap   total 230400K, used 159474K [0x0000000080000000, 0x0000000100000000)
  region size 1024K, 2 young (2048K), 2 survivors (2048K)
 Metaspace       used 117981K, capacity 121089K, committed 121344K, reserved 1155072K
  class space    used 14864K, capacity 16036K, committed 16128K, reserved 1048576K
}
Event: 32.861 GC heap before
{Heap before GC invocations=58 (full 0):
 garbage-first heap   total 230400K, used 194290K [0x0000000080000000, 0x0000000100000000)
  region size 1024K, 37 young (37888K), 2 survivors (2048K)
 Metaspace       used 118215K, capacity 121356K, committed 121600K, reserved 1155072K
  class space    used 14880K, capacity 16076K, committed 16128K, reserved 1048576K
}
Event: 32.863 GC heap after
{Heap after GC invocations=59 (full 0):
 garbage-first heap   total 230400K, used 159619K [0x0000000080000000, 0x0000000100000000)
  region size 1024K, 2 young (2048K), 2 survivors (2048K)
 Metaspace       used 118215K, capacity 121356K, committed 121600K, reserved 1155072K
  class space    used 14880K, capacity 16076K, committed 16128K, reserved 1048576K
}
Event: 32.924 GC heap before
{Heap before GC invocations=59 (full 0):
 garbage-first heap   total 230400K, used 168835K [0x0000000080000000, 0x0000000100000000)
  region size 1024K, 11 young (11264K), 2 survivors (2048K)
 Metaspace       used 118233K, capacity 121359K, committed 121600K, reserved 1155072K
  class space    used 14881K, capacity 16076K, committed 16128K, reserved 1048576K
}
Event: 32.927 GC heap after
{Heap after GC invocations=60 (full 0):
 garbage-first heap   total 230400K, used 157289K [0x0000000080000000, 0x0000000100000000)
  region size 1024K, 1 young (1024K), 1 survivors (1024K)
 Metaspace       used 118233K, capacity 121359K, committed 121600K, reserved 1155072K
  class space    used 14881K, capacity 16076K, committed 16128K, reserved 1048576K
}
Event: 33.169 GC heap before
{Heap before GC invocations=60 (full 0):
 garbage-first heap   total 230400K, used 196201K [0x0000000080000000, 0x0000000100000000)
  region size 1024K, 39 young (39936K), 1 survivors (1024K)
 Metaspace       used 118302K, capacity 121435K, committed 121600K, reserved 1155072K
  class space    used 14883K, capacity 16079K, committed 16128K, reserved 1048576K
}
Event: 33.172 GC heap after
{Heap after GC invocations=61 (full 0):
 garbage-first heap   total 230400K, used 157422K [0x0000000080000000, 0x0000000100000000)
  region size 1024K, 2 young (2048K), 2 survivors (2048K)
 Metaspace       used 118302K, capacity 121435K, committed 121600K, reserved 1155072K
  class space    used 14883K, capacity 16079K, committed 16128K, reserved 1048576K
}
Event: 33.424 GC heap before
{Heap before GC invocations=62 (full 0):
 garbage-first heap   total 230400K, used 196334K [0x0000000080000000, 0x0000000100000000)
  region size 1024K, 40 young (40960K), 2 survivors (2048K)
 Metaspace       used 118429K, capacity 121567K, committed 121856K, reserved 1155072K
  class space    used 14899K, capacity 16080K, committed 16128K, reserved 1048576K
}
Event: 33.426 GC heap after
{Heap after GC invocations=63 (full 0):
 garbage-first heap   total 230400K, used 157690K [0x0000000080000000, 0x0000000100000000)
  region size 1024K, 2 young (2048K), 2 survivors (2048K)
 Metaspace       used 118429K, capacity 121567K, committed 121856K, reserved 1155072K
  class space    used 14899K, capacity 16080K, committed 16128K, reserved 1048576K
}
Event: 33.471 GC heap before
{Heap before GC invocations=63 (full 0):
 garbage-first heap   total 230400K, used 166906K [0x0000000080000000, 0x0000000100000000)
  region size 1024K, 11 young (11264K), 2 survivors (2048K)
 Metaspace       used 118433K, capacity 121567K, committed 121856K, reserved 1155072K
  class space    used 14899K, capacity 16080K, committed 16128K, reserved 1048576K
}
Event: 33.473 GC heap after
{Heap after GC invocations=64 (full 0):
 garbage-first heap   total 230400K, used 157283K [0x0000000080000000, 0x0000000100000000)
  region size 1024K, 1 young (1024K), 1 survivors (1024K)
 Metaspace       used 118433K, capacity 121567K, committed 121856K, reserved 1155072K
  class space    used 14899K, capacity 16080K, committed 16128K, reserved 1048576K
}
Event: 33.693 GC heap before
{Heap before GC invocations=64 (full 0):
 garbage-first heap   total 230400K, used 197219K [0x0000000080000000, 0x0000000100000000)
  region size 1024K, 40 young (40960K), 1 survivors (1024K)
 Metaspace       used 118469K, capacity 121569K, committed 121856K, reserved 1155072K
  class space    used 14904K, capacity 16080K, committed 16128K, reserved 1048576K
}
Event: 33.700 GC heap after
{Heap after GC invocations=65 (full 0):
 garbage-first heap   total 276480K, used 157574K [0x0000000080000000, 0x0000000100000000)
  region size 1024K, 2 young (2048K), 2 survivors (2048K)
 Metaspace       used 118469K, capacity 121569K, committed 121856K, reserved 1155072K
  class space    used 14904K, capacity 16080K, committed 16128K, reserved 1048576K
}
Event: 34.156 GC heap before
{Heap before GC invocations=66 (full 0):
 garbage-first heap   total 276480K, used 215942K [0x0000000080000000, 0x0000000100000000)
  region size 1024K, 59 young (60416K), 2 survivors (2048K)
 Metaspace       used 118512K, capacity 121658K, committed 121856K, reserved 1155072K
  class space    used 14909K, capacity 16088K, committed 16128K, reserved 1048576K
}
Event: 34.159 GC heap after
{Heap after GC invocations=67 (full 0):
 garbage-first heap   total 276480K, used 157829K [0x0000000080000000, 0x0000000100000000)
  region size 1024K, 2 young (2048K), 2 survivors (2048K)
 Metaspace       used 118512K, capacity 121658K, committed 121856K, reserved 1155072K
  class space    used 14909K, capacity 16088K, committed 16128K, reserved 1048576K
}
Event: 34.529 GC heap before
{Heap before GC invocations=67 (full 0):
 garbage-first heap   total 276480K, used 219269K [0x0000000080000000, 0x0000000100000000)
  region size 1024K, 62 young (63488K), 2 survivors (2048K)
 Metaspace       used 118611K, capacity 121775K, committed 121856K, reserved 1155072K
  class space    used 14920K, capacity 16104K, committed 16128K, reserved 1048576K
}
Event: 34.532 GC heap after
{Heap after GC invocations=68 (full 0):
 garbage-first heap   total 276480K, used 158169K [0x0000000080000000, 0x0000000100000000)
  region size 1024K, 2 young (2048K), 2 survivors (2048K)
 Metaspace       used 118611K, capacity 121775K, committed 121856K, reserved 1155072K
  class space    used 14920K, capacity 16104K, committed 16128K, reserved 1048576K
}

