# JRE version: OpenJDK Runtime Environment (11.0.12+7) (build 11.0.12+7-b1504.28-7817840)
# Java VM: OpenJDK 64-Bit Server VM (11.0.12+7-b1504.28-7817840, mixed mode, tiered, compressed oops, g1 gc, windows-amd64)
Heap:
 garbage-first heap   total 120832K, used 58146K [0x0000000080000000, 0x0000000100000000)
  region size 1024K, 33 young (33792K), 4 survivors (4096K)
 Metaspace       used 46851K, capacity 47897K, committed 48124K, reserved 1091584K
  class space    used 6021K, capacity 6409K, committed 6528K, reserved 1048576K
GC Heap History (16 events):
Event: 0.693 GC heap before
{Heap before GC invocations=0 (full 0):
 garbage-first heap   total 120832K, used 29696K [0x0000000080000000, 0x0000000100000000)
  region size 1024K, 24 young (24576K), 0 survivors (0K)
 Metaspace       used 9821K, capacity 10024K, committed 10112K, reserved 1058816K
  class space    used 1008K, capacity 1069K, committed 1152K, reserved 1048576K
}
Event: 0.699 GC heap after
{Heap after GC invocations=1 (full 0):
 garbage-first heap   total 120832K, used 8996K [0x0000000080000000, 0x0000000100000000)
  region size 1024K, 3 young (3072K), 3 survivors (3072K)
 Metaspace       used 9821K, capacity 10024K, committed 10112K, reserved 1058816K
  class space    used 1008K, capacity 1069K, committed 1152K, reserved 1048576K
}
Event: 2.765 GC heap before
{Heap before GC invocations=1 (full 0):
 garbage-first heap   total 120832K, used 77604K [0x0000000080000000, 0x0000000100000000)
  region size 1024K, 70 young (71680K), 3 survivors (3072K)
 Metaspace       used 16562K, capacity 16944K, committed 17152K, reserved 1064960K
  class space    used 1888K, capacity 2034K, committed 2048K, reserved 1048576K
}
Event: 2.772 GC heap after
{Heap after GC invocations=2 (full 0):
 garbage-first heap   total 120832K, used 15540K [0x0000000080000000, 0x0000000100000000)
  region size 1024K, 9 young (9216K), 9 survivors (9216K)
 Metaspace       used 16562K, capacity 16944K, committed 17152K, reserved 1064960K
  class space    used 1888K, capacity 2034K, committed 2048K, reserved 1048576K
}
Event: 3.320 GC heap before
{Heap before GC invocations=2 (full 0):
 garbage-first heap   total 120832K, used 53428K [0x0000000080000000, 0x0000000100000000)
  region size 1024K, 47 young (48128K), 9 survivors (9216K)
 Metaspace       used 20768K, capacity 21171K, committed 21296K, reserved 1069056K
  class space    used 2535K, capacity 2678K, committed 2688K, reserved 1048576K
}
Event: 3.329 GC heap after
{Heap after GC invocations=3 (full 0):
 garbage-first heap   total 120832K, used 17343K [0x0000000080000000, 0x0000000100000000)
  region size 1024K, 2 young (2048K), 2 survivors (2048K)
 Metaspace       used 20768K, capacity 21171K, committed 21296K, reserved 1069056K
  class space    used 2535K, capacity 2678K, committed 2688K, reserved 1048576K
}
Event: 4.017 GC heap before
{Heap before GC invocations=4 (full 0):
 garbage-first heap   total 120832K, used 68543K [0x0000000080000000, 0x0000000100000000)
  region size 1024K, 52 young (53248K), 2 survivors (2048K)
 Metaspace       used 26060K, capacity 26647K, committed 26800K, reserved 1073152K
  class space    used 3353K, capacity 3551K, committed 3584K, reserved 1048576K
}
Event: 4.019 GC heap after
{Heap after GC invocations=5 (full 0):
 garbage-first heap   total 120832K, used 19067K [0x0000000080000000, 0x0000000100000000)
  region size 1024K, 4 young (4096K), 4 survivors (4096K)
 Metaspace       used 26060K, capacity 26647K, committed 26800K, reserved 1073152K
  class space    used 3353K, capacity 3551K, committed 3584K, reserved 1048576K
}
Event: 4.834 GC heap before
{Heap before GC invocations=5 (full 0):
 garbage-first heap   total 120832K, used 74363K [0x0000000080000000, 0x0000000100000000)
  region size 1024K, 58 young (59392K), 4 survivors (4096K)
 Metaspace       used 32225K, capacity 32976K, committed 33200K, reserved 1077248K
  class space    used 4279K, capacity 4562K, committed 4608K, reserved 1048576K
}
Event: 4.837 GC heap after
{Heap after GC invocations=6 (full 0):
 garbage-first heap   total 120832K, used 21164K [0x0000000080000000, 0x0000000100000000)
  region size 1024K, 6 young (6144K), 6 survivors (6144K)
 Metaspace       used 32225K, capacity 32976K, committed 33200K, reserved 1077248K
  class space    used 4279K, capacity 4562K, committed 4608K, reserved 1048576K
}
Event: 5.014 GC heap before
{Heap before GC invocations=6 (full 0):
 garbage-first heap   total 120832K, used 26284K [0x0000000080000000, 0x0000000100000000)
  region size 1024K, 12 young (12288K), 6 survivors (6144K)
 Metaspace       used 34845K, capacity 35630K, committed 35708K, reserved 1081344K
  class space    used 4487K, capacity 4807K, committed 4864K, reserved 1048576K
}
Event: 5.021 GC heap after
{Heap after GC invocations=7 (full 0):
 garbage-first heap   total 120832K, used 22332K [0x0000000080000000, 0x0000000100000000)
  region size 1024K, 6 young (6144K), 6 survivors (6144K)
 Metaspace       used 34845K, capacity 35630K, committed 35708K, reserved 1081344K
  class space    used 4487K, capacity 4807K, committed 4864K, reserved 1048576K
}
Event: 5.623 GC heap before
{Heap before GC invocations=8 (full 0):
 garbage-first heap   total 120832K, used 79676K [0x0000000080000000, 0x0000000100000000)
  region size 1024K, 60 young (61440K), 6 survivors (6144K)
 Metaspace       used 39558K, capacity 40475K, committed 40572K, reserved 1085440K
  class space    used 5025K, capacity 5353K, committed 5376K, reserved 1048576K
}
Event: 5.628 GC heap after
{Heap after GC invocations=9 (full 0):
 garbage-first heap   total 120832K, used 27057K [0x0000000080000000, 0x0000000100000000)
  region size 1024K, 8 young (8192K), 8 survivors (8192K)
 Metaspace       used 39558K, capacity 40475K, committed 40572K, reserved 1085440K
  class space    used 5025K, capacity 5353K, committed 5376K, reserved 1048576K
}
Event: 6.229 GC heap before
{Heap before GC invocations=9 (full 0):
 garbage-first heap   total 120832K, used 83377K [0x0000000080000000, 0x0000000100000000)
  region size 1024K, 62 young (63488K), 8 survivors (8192K)
 Metaspace       used 44707K, capacity 45741K, committed 45948K, reserved 1089536K
  class space    used 5710K, capacity 6095K, committed 6144K, reserved 1048576K
}
Event: 6.234 GC heap after
{Heap after GC invocations=10 (full 0):
 garbage-first heap   total 120832K, used 29474K [0x0000000080000000, 0x0000000100000000)
  region size 1024K, 4 young (4096K), 4 survivors (4096K)
 Metaspace       used 44707K, capacity 45741K, committed 45948K, reserved 1089536K
  class space    used 5710K, capacity 6095K, committed 6144K, reserved 1048576K
}

