# JRE version: OpenJDK Runtime Environment (11.0.12+7) (build 11.0.12+7-b1504.28-7817840)
# Java VM: OpenJDK 64-Bit Server VM (11.0.12+7-b1504.28-7817840, mixed mode, tiered, compressed oops, g1 gc, windows-amd64)
Heap:
 garbage-first heap   total 175104K, used 134393K [0x0000000080000000, 0x0000000100000000)
  region size 1024K, 45 young (46080K), 5 survivors (5120K)
 Metaspace       used 105943K, capacity 108951K, committed 109008K, reserved 1142784K
  class space    used 13888K, capacity 15054K, committed 15104K, reserved 1048576K
GC Heap History (20 events):
Event: 7.768 GC heap before
{Heap before GC invocations=16 (full 0):
 garbage-first heap   total 145408K, used 105990K [0x0000000080000000, 0x0000000100000000)
  region size 1024K, 60 young (61440K), 6 survivors (6144K)
 Metaspace       used 65666K, capacity 67316K, committed 67664K, reserved 1107968K
  class space    used 8341K, capacity 8961K, committed 9088K, reserved 1048576K
}
Event: 7.774 GC heap after
{Heap after GC invocations=17 (full 0):
 garbage-first heap   total 145408K, used 54055K [0x0000000080000000, 0x0000000100000000)
  region size 1024K, 5 young (5120K), 5 survivors (5120K)
 Metaspace       used 65666K, capacity 67316K, committed 67664K, reserved 1107968K
  class space    used 8341K, capacity 8961K, committed 9088K, reserved 1048576K
}
Event: 8.385 GC heap before
{Heap before GC invocations=17 (full 0):
 garbage-first heap   total 145408K, used 108327K [0x0000000080000000, 0x0000000100000000)
  region size 1024K, 58 young (59392K), 5 survivors (5120K)
 Metaspace       used 71672K, capacity 73287K, committed 73424K, reserved 1112064K
  class space    used 9303K, capacity 9935K, committed 9984K, reserved 1048576K
}
Event: 8.389 GC heap after
{Heap after GC invocations=18 (full 0):
 garbage-first heap   total 145408K, used 57326K [0x0000000080000000, 0x0000000100000000)
  region size 1024K, 8 young (8192K), 8 survivors (8192K)
 Metaspace       used 71672K, capacity 73287K, committed 73424K, reserved 1112064K
  class space    used 9303K, capacity 9935K, committed 9984K, reserved 1048576K
}
Event: 8.923 GC heap before
{Heap before GC invocations=18 (full 0):
 garbage-first heap   total 145408K, used 110574K [0x0000000080000000, 0x0000000100000000)
  region size 1024K, 60 young (61440K), 8 survivors (8192K)
 Metaspace       used 77478K, capacity 79270K, committed 79440K, reserved 1118208K
  class space    used 10129K, capacity 10818K, committed 10880K, reserved 1048576K
}
Event: 8.929 GC heap after
{Heap after GC invocations=19 (full 0):
 garbage-first heap   total 145408K, used 60412K [0x0000000080000000, 0x0000000100000000)
  region size 1024K, 7 young (7168K), 7 survivors (7168K)
 Metaspace       used 77478K, capacity 79270K, committed 79440K, reserved 1118208K
  class space    used 10129K, capacity 10818K, committed 10880K, reserved 1048576K
}
Event: 9.473 GC heap before
{Heap before GC invocations=19 (full 0):
 garbage-first heap   total 145408K, used 113660K [0x0000000080000000, 0x0000000100000000)
  region size 1024K, 59 young (60416K), 7 survivors (7168K)
 Metaspace       used 81508K, capacity 83724K, committed 84048K, reserved 1122304K
  class space    used 10767K, capacity 11577K, committed 11648K, reserved 1048576K
}
Event: 9.478 GC heap after
{Heap after GC invocations=20 (full 0):
 garbage-first heap   total 145408K, used 64187K [0x0000000080000000, 0x0000000100000000)
  region size 1024K, 8 young (8192K), 8 survivors (8192K)
 Metaspace       used 81508K, capacity 83724K, committed 84048K, reserved 1122304K
  class space    used 10767K, capacity 11577K, committed 11648K, reserved 1048576K
}
Event: 9.756 GC heap before
{Heap before GC invocations=20 (full 0):
 garbage-first heap   total 145408K, used 114363K [0x0000000080000000, 0x0000000100000000)
  region size 1024K, 58 young (59392K), 8 survivors (8192K)
 Metaspace       used 82143K, capacity 84444K, committed 84688K, reserved 1122304K
  class space    used 10807K, capacity 11696K, committed 11776K, reserved 1048576K
}
Event: 9.763 GC heap after
{Heap after GC invocations=21 (full 0):
 garbage-first heap   total 145408K, used 68110K [0x0000000080000000, 0x0000000100000000)
  region size 1024K, 8 young (8192K), 8 survivors (8192K)
 Metaspace       used 82143K, capacity 84444K, committed 84688K, reserved 1122304K
  class space    used 10807K, capacity 11696K, committed 11776K, reserved 1048576K
}
Event: 10.036 GC heap before
{Heap before GC invocations=21 (full 0):
 garbage-first heap   total 145408K, used 116238K [0x0000000080000000, 0x0000000100000000)
  region size 1024K, 56 young (57344K), 8 survivors (8192K)
 Metaspace       used 82881K, capacity 85184K, committed 85456K, reserved 1122304K
  class space    used 10851K, capacity 11722K, committed 11776K, reserved 1048576K
}
Event: 10.045 GC heap after
{Heap after GC invocations=22 (full 0):
 garbage-first heap   total 175104K, used 71307K [0x0000000080000000, 0x0000000100000000)
  region size 1024K, 7 young (7168K), 7 survivors (7168K)
 Metaspace       used 82881K, capacity 85184K, committed 85456K, reserved 1122304K
  class space    used 10851K, capacity 11722K, committed 11776K, reserved 1048576K
}
Event: 194.812 GC heap before
{Heap before GC invocations=22 (full 0):
 garbage-first heap   total 175104K, used 133771K [0x0000000080000000, 0x0000000100000000)
  region size 1024K, 69 young (70656K), 7 survivors (7168K)
 Metaspace       used 84061K, capacity 86426K, committed 86608K, reserved 1124352K
  class space    used 10975K, capacity 11881K, committed 11904K, reserved 1048576K
}
Event: 194.821 GC heap after
{Heap after GC invocations=23 (full 0):
 garbage-first heap   total 175104K, used 74721K [0x0000000080000000, 0x0000000100000000)
  region size 1024K, 7 young (7168K), 7 survivors (7168K)
 Metaspace       used 84061K, capacity 86426K, committed 86608K, reserved 1124352K
  class space    used 10975K, capacity 11881K, committed 11904K, reserved 1048576K
}
Event: 195.438 GC heap before
{Heap before GC invocations=23 (full 0):
 garbage-first heap   total 175104K, used 137185K [0x0000000080000000, 0x0000000100000000)
  region size 1024K, 69 young (70656K), 7 survivors (7168K)
 Metaspace       used 85939K, capacity 88355K, committed 88528K, reserved 1126400K
  class space    used 11099K, capacity 12013K, committed 12032K, reserved 1048576K
}
Event: 195.447 GC heap after
{Heap after GC invocations=24 (full 0):
 garbage-first heap   total 175104K, used 81727K [0x0000000080000000, 0x0000000100000000)
  region size 1024K, 9 young (9216K), 9 survivors (9216K)
 Metaspace       used 85939K, capacity 88355K, committed 88528K, reserved 1126400K
  class space    used 11099K, capacity 12013K, committed 12032K, reserved 1048576K
}
Event: 196.546 GC heap before
{Heap before GC invocations=24 (full 0):
 garbage-first heap   total 175104K, used 141119K [0x0000000080000000, 0x0000000100000000)
  region size 1024K, 66 young (67584K), 9 survivors (9216K)
 Metaspace       used 92448K, capacity 95010K, committed 95056K, reserved 1132544K
  class space    used 11925K, capacity 12888K, committed 12928K, reserved 1048576K
}
Event: 196.565 GC heap after
{Heap after GC invocations=25 (full 0):
 garbage-first heap   total 175104K, used 93380K [0x0000000080000000, 0x0000000100000000)
  region size 1024K, 9 young (9216K), 9 survivors (9216K)
 Metaspace       used 92448K, capacity 95010K, committed 95056K, reserved 1132544K
  class space    used 11925K, capacity 12888K, committed 12928K, reserved 1048576K
}
Event: 197.221 GC heap before
{Heap before GC invocations=25 (full 0):
 garbage-first heap   total 175104K, used 139460K [0x0000000080000000, 0x0000000100000000)
  region size 1024K, 55 young (56320K), 9 survivors (9216K)
 Metaspace       used 97001K, capacity 99824K, committed 100048K, reserved 1136640K
  class space    used 12519K, capacity 13548K, committed 13568K, reserved 1048576K
}
Event: 197.229 GC heap after
{Heap after GC invocations=26 (full 0):
 garbage-first heap   total 175104K, used 95481K [0x0000000080000000, 0x0000000100000000)
  region size 1024K, 5 young (5120K), 5 survivors (5120K)
 Metaspace       used 97001K, capacity 99824K, committed 100048K, reserved 1136640K
  class space    used 12519K, capacity 13548K, committed 13568K, reserved 1048576K
}

