# JRE version: OpenJDK Runtime Environment (11.0.12+7) (build 11.0.12+7-b1504.28-7817840)
# Java VM: OpenJDK 64-Bit Server VM (11.0.12+7-b1504.28-7817840, mixed mode, tiered, compressed oops, g1 gc, windows-amd64)
Heap:
 garbage-first heap   total 178176K, used 109568K [0x0000000080000000, 0x0000000100000000)
  region size 1024K, 11 young (11264K), 1 survivors (1024K)
 Metaspace       used 114240K, capacity 117549K, committed 117736K, reserved 1150976K
  class space    used 14700K, capacity 15982K, committed 16024K, reserved 1048576K
GC Heap History (20 events):
Event: 195.975 GC heap before
{Heap before GC invocations=38 (full 0):
 garbage-first heap   total 178176K, used 108436K [0x0000000080000000, 0x0000000100000000)
  region size 1024K, 8 young (8192K), 4 survivors (4096K)
 Metaspace       used 112677K, capacity 115813K, committed 116200K, reserved 1148928K
  class space    used 14627K, capacity 15848K, committed 16024K, reserved 1048576K
}
Event: 195.983 GC heap after
{Heap after GC invocations=39 (full 0):
 garbage-first heap   total 178176K, used 101640K [0x0000000080000000, 0x0000000100000000)
  region size 1024K, 1 young (1024K), 1 survivors (1024K)
 Metaspace       used 112677K, capacity 115813K, committed 116200K, reserved 1148928K
  class space    used 14627K, capacity 15848K, committed 16024K, reserved 1048576K
}
Event: 229.940 GC heap before
{Heap before GC invocations=39 (full 0):
 garbage-first heap   total 178176K, used 136456K [0x0000000080000000, 0x0000000100000000)
  region size 1024K, 36 young (36864K), 1 survivors (1024K)
 Metaspace       used 112992K, capacity 116140K, committed 116456K, reserved 1150976K
  class space    used 14647K, capacity 15885K, committed 16024K, reserved 1048576K
}
Event: 229.948 GC heap after
{Heap after GC invocations=40 (full 0):
 garbage-first heap   total 178176K, used 104928K [0x0000000080000000, 0x0000000100000000)
  region size 1024K, 5 young (5120K), 5 survivors (5120K)
 Metaspace       used 112992K, capacity 116140K, committed 116456K, reserved 1150976K
  class space    used 14647K, capacity 15885K, committed 16024K, reserved 1048576K
}
Event: 230.269 GC heap before
{Heap before GC invocations=41 (full 0):
 garbage-first heap   total 178176K, used 136672K [0x0000000080000000, 0x0000000100000000)
  region size 1024K, 39 young (39936K), 5 survivors (5120K)
 Metaspace       used 113203K, capacity 116351K, committed 116712K, reserved 1150976K
  class space    used 14655K, capacity 15900K, committed 16024K, reserved 1048576K
}
Event: 230.276 GC heap after
{Heap after GC invocations=42 (full 0):
 garbage-first heap   total 178176K, used 107152K [0x0000000080000000, 0x0000000100000000)
  region size 1024K, 5 young (5120K), 5 survivors (5120K)
 Metaspace       used 113203K, capacity 116351K, committed 116712K, reserved 1150976K
  class space    used 14655K, capacity 15900K, committed 16024K, reserved 1048576K
}
Event: 230.319 GC heap before
{Heap before GC invocations=42 (full 0):
 garbage-first heap   total 178176K, used 109200K [0x0000000080000000, 0x0000000100000000)
  region size 1024K, 8 young (8192K), 5 survivors (5120K)
 Metaspace       used 113249K, capacity 116420K, committed 116712K, reserved 1150976K
  class space    used 14668K, capacity 15923K, committed 16024K, reserved 1048576K
}
Event: 230.327 GC heap after
{Heap after GC invocations=43 (full 0):
 garbage-first heap   total 178176K, used 95260K [0x0000000080000000, 0x0000000100000000)
  region size 1024K, 1 young (1024K), 1 survivors (1024K)
 Metaspace       used 113249K, capacity 116420K, committed 116712K, reserved 1150976K
  class space    used 14668K, capacity 15923K, committed 16024K, reserved 1048576K
}
Event: 257.509 GC heap before
{Heap before GC invocations=43 (full 0):
 garbage-first heap   total 178176K, used 135196K [0x0000000080000000, 0x0000000100000000)
  region size 1024K, 41 young (41984K), 1 survivors (1024K)
 Metaspace       used 113389K, capacity 116575K, committed 116712K, reserved 1150976K
  class space    used 14670K, capacity 15928K, committed 16024K, reserved 1048576K
}
Event: 257.521 GC heap after
{Heap after GC invocations=44 (full 0):
 garbage-first heap   total 178176K, used 98555K [0x0000000080000000, 0x0000000100000000)
  region size 1024K, 4 young (4096K), 4 survivors (4096K)
 Metaspace       used 113389K, capacity 116575K, committed 116712K, reserved 1150976K
  class space    used 14670K, capacity 15928K, committed 16024K, reserved 1048576K
}
Event: 258.232 GC heap before
{Heap before GC invocations=45 (full 0):
 garbage-first heap   total 178176K, used 139515K [0x0000000080000000, 0x0000000100000000)
  region size 1024K, 44 young (45056K), 4 survivors (4096K)
 Metaspace       used 113584K, capacity 116777K, committed 116968K, reserved 1150976K
  class space    used 14671K, capacity 15928K, committed 16024K, reserved 1048576K
}
Event: 258.242 GC heap after
{Heap after GC invocations=46 (full 0):
 garbage-first heap   total 178176K, used 107181K [0x0000000080000000, 0x0000000100000000)
  region size 1024K, 6 young (6144K), 6 survivors (6144K)
 Metaspace       used 113584K, capacity 116777K, committed 116968K, reserved 1150976K
  class space    used 14671K, capacity 15928K, committed 16024K, reserved 1048576K
}
Event: 258.272 GC heap before
{Heap before GC invocations=46 (full 0):
 garbage-first heap   total 178176K, used 109229K [0x0000000080000000, 0x0000000100000000)
  region size 1024K, 8 young (8192K), 6 survivors (6144K)
 Metaspace       used 113584K, capacity 116777K, committed 116968K, reserved 1150976K
  class space    used 14671K, capacity 15928K, committed 16024K, reserved 1048576K
}
Event: 258.280 GC heap after
{Heap after GC invocations=47 (full 0):
 garbage-first heap   total 178176K, used 103540K [0x0000000080000000, 0x0000000100000000)
  region size 1024K, 1 young (1024K), 1 survivors (1024K)
 Metaspace       used 113584K, capacity 116777K, committed 116968K, reserved 1150976K
  class space    used 14671K, capacity 15928K, committed 16024K, reserved 1048576K
}
Event: 258.556 GC heap before
{Heap before GC invocations=47 (full 0):
 garbage-first heap   total 178176K, used 139380K [0x0000000080000000, 0x0000000100000000)
  region size 1024K, 37 young (37888K), 1 survivors (1024K)
 Metaspace       used 113844K, capacity 117045K, committed 117224K, reserved 1150976K
  class space    used 14671K, capacity 15929K, committed 16024K, reserved 1048576K
}
Event: 258.564 GC heap after
{Heap after GC invocations=48 (full 0):
 garbage-first heap   total 178176K, used 108815K [0x0000000080000000, 0x0000000100000000)
  region size 1024K, 5 young (5120K), 5 survivors (5120K)
 Metaspace       used 113844K, capacity 117045K, committed 117224K, reserved 1150976K
  class space    used 14671K, capacity 15929K, committed 16024K, reserved 1048576K
}
Event: 263.466 GC heap before
{Heap before GC invocations=49 (full 0):
 garbage-first heap   total 178176K, used 151823K [0x0000000080000000, 0x0000000100000000)
  region size 1024K, 38 young (38912K), 5 survivors (5120K)
 Metaspace       used 114018K, capacity 117294K, committed 117480K, reserved 1150976K
  class space    used 14677K, capacity 15939K, committed 16024K, reserved 1048576K
}
Event: 263.473 GC heap after
{Heap after GC invocations=50 (full 0):
 garbage-first heap   total 178176K, used 111094K [0x0000000080000000, 0x0000000100000000)
  region size 1024K, 3 young (3072K), 3 survivors (3072K)
 Metaspace       used 114018K, capacity 117294K, committed 117480K, reserved 1150976K
  class space    used 14677K, capacity 15939K, committed 16024K, reserved 1048576K
}
Event: 263.519 GC heap before
{Heap before GC invocations=50 (full 0):
 garbage-first heap   total 178176K, used 116214K [0x0000000080000000, 0x0000000100000000)
  region size 1024K, 8 young (8192K), 3 survivors (3072K)
 Metaspace       used 114089K, capacity 117360K, committed 117480K, reserved 1150976K
  class space    used 14683K, capacity 15950K, committed 16024K, reserved 1048576K
}
Event: 263.533 GC heap after
{Heap after GC invocations=51 (full 0):
 garbage-first heap   total 178176K, used 101376K [0x0000000080000000, 0x0000000100000000)
  region size 1024K, 1 young (1024K), 1 survivors (1024K)
 Metaspace       used 114089K, capacity 117360K, committed 117480K, reserved 1150976K
  class space    used 14683K, capacity 15950K, committed 16024K, reserved 1048576K
}

