# JRE version: OpenJDK Runtime Environment (11.0.12+7) (build 11.0.12+7-b1504.28-7817840)
# Java VM: OpenJDK 64-Bit Server VM (11.0.12+7-b1504.28-7817840, mixed mode, tiered, compressed oops, g1 gc, windows-amd64)
Heap:
 garbage-first heap   total 145408K, used 66255K [0x0000000080000000, 0x0000000100000000)
  region size 1024K, 18 young (18432K), 8 survivors (8192K)
 Metaspace       used 72392K, capacity 74050K, committed 74236K, reserved 1114112K
  class space    used 9395K, capacity 10021K, committed 10112K, reserved 1048576K
GC Heap History (20 events):
Event: 4.572 GC heap before
{Heap before GC invocations=5 (full 0):
 garbage-first heap   total 120832K, used 74168K [0x0000000080000000, 0x0000000100000000)
  region size 1024K, 58 young (59392K), 4 survivors (4096K)
 Metaspace       used 32224K, capacity 32978K, committed 33200K, reserved 1077248K
  class space    used 4279K, capacity 4562K, committed 4608K, reserved 1048576K
}
Event: 4.576 GC heap after
{Heap after GC invocations=6 (full 0):
 garbage-first heap   total 120832K, used 21053K [0x0000000080000000, 0x0000000100000000)
  region size 1024K, 6 young (6144K), 6 survivors (6144K)
 Metaspace       used 32224K, capacity 32978K, committed 33200K, reserved 1077248K
  class space    used 4279K, capacity 4562K, committed 4608K, reserved 1048576K
}
Event: 4.753 GC heap before
{Heap before GC invocations=6 (full 0):
 garbage-first heap   total 120832K, used 26173K [0x0000000080000000, 0x0000000100000000)
  region size 1024K, 12 young (12288K), 6 survivors (6144K)
 Metaspace       used 34845K, capacity 35630K, committed 35708K, reserved 1081344K
  class space    used 4486K, capacity 4807K, committed 4864K, reserved 1048576K
}
Event: 4.760 GC heap after
{Heap after GC invocations=7 (full 0):
 garbage-first heap   total 120832K, used 22161K [0x0000000080000000, 0x0000000100000000)
  region size 1024K, 6 young (6144K), 6 survivors (6144K)
 Metaspace       used 34845K, capacity 35630K, committed 35708K, reserved 1081344K
  class space    used 4486K, capacity 4807K, committed 4864K, reserved 1048576K
}
Event: 5.389 GC heap before
{Heap before GC invocations=8 (full 0):
 garbage-first heap   total 120832K, used 79505K [0x0000000080000000, 0x0000000100000000)
  region size 1024K, 59 young (60416K), 6 survivors (6144K)
 Metaspace       used 39544K, capacity 40474K, committed 40572K, reserved 1085440K
  class space    used 5025K, capacity 5353K, committed 5376K, reserved 1048576K
}
Event: 5.396 GC heap after
{Heap after GC invocations=9 (full 0):
 garbage-first heap   total 120832K, used 26724K [0x0000000080000000, 0x0000000100000000)
  region size 1024K, 8 young (8192K), 8 survivors (8192K)
 Metaspace       used 39544K, capacity 40474K, committed 40572K, reserved 1085440K
  class space    used 5025K, capacity 5353K, committed 5376K, reserved 1048576K
}
Event: 5.976 GC heap before
{Heap before GC invocations=9 (full 0):
 garbage-first heap   total 120832K, used 82020K [0x0000000080000000, 0x0000000100000000)
  region size 1024K, 61 young (62464K), 8 survivors (8192K)
 Metaspace       used 44544K, capacity 45564K, committed 45692K, reserved 1089536K
  class space    used 5684K, capacity 6057K, committed 6144K, reserved 1048576K
}
Event: 5.981 GC heap after
{Heap after GC invocations=10 (full 0):
 garbage-first heap   total 120832K, used 29110K [0x0000000080000000, 0x0000000100000000)
  region size 1024K, 3 young (3072K), 3 survivors (3072K)
 Metaspace       used 44544K, capacity 45564K, committed 45692K, reserved 1089536K
  class space    used 5684K, capacity 6057K, committed 6144K, reserved 1048576K
}
Event: 6.543 GC heap before
{Heap before GC invocations=10 (full 0):
 garbage-first heap   total 120832K, used 84406K [0x0000000080000000, 0x0000000100000000)
  region size 1024K, 57 young (58368K), 3 survivors (3072K)
 Metaspace       used 48282K, capacity 49525K, committed 49532K, reserved 1091584K
  class space    used 6187K, capacity 6654K, committed 6656K, reserved 1048576K
}
Event: 6.546 GC heap after
{Heap after GC invocations=11 (full 0):
 garbage-first heap   total 120832K, used 30989K [0x0000000080000000, 0x0000000100000000)
  region size 1024K, 5 young (5120K), 5 survivors (5120K)
 Metaspace       used 48282K, capacity 49525K, committed 49532K, reserved 1091584K
  class space    used 6187K, capacity 6654K, committed 6656K, reserved 1048576K
}
Event: 7.282 GC heap before
{Heap before GC invocations=11 (full 0):
 garbage-first heap   total 120832K, used 90381K [0x0000000080000000, 0x0000000100000000)
  region size 1024K, 60 young (61440K), 5 survivors (5120K)
 Metaspace       used 51856K, capacity 53170K, committed 53372K, reserved 1095680K
  class space    used 6608K, capacity 7127K, committed 7168K, reserved 1048576K
}
Event: 7.287 GC heap after
{Heap after GC invocations=12 (full 0):
 garbage-first heap   total 120832K, used 42958K [0x0000000080000000, 0x0000000100000000)
  region size 1024K, 8 young (8192K), 8 survivors (8192K)
 Metaspace       used 51856K, capacity 53170K, committed 53372K, reserved 1095680K
  class space    used 6608K, capacity 7127K, committed 7168K, reserved 1048576K
}
Event: 7.839 GC heap before
{Heap before GC invocations=12 (full 0):
 garbage-first heap   total 120832K, used 89038K [0x0000000080000000, 0x0000000100000000)
  region size 1024K, 54 young (55296K), 8 survivors (8192K)
 Metaspace       used 58453K, capacity 59833K, committed 59900K, reserved 1101824K
  class space    used 7428K, capacity 7998K, committed 8064K, reserved 1048576K
}
Event: 7.847 GC heap after
{Heap after GC invocations=13 (full 0):
 garbage-first heap   total 120832K, used 45820K [0x0000000080000000, 0x0000000100000000)
  region size 1024K, 2 young (2048K), 2 survivors (2048K)
 Metaspace       used 58453K, capacity 59833K, committed 59900K, reserved 1101824K
  class space    used 7428K, capacity 7998K, committed 8064K, reserved 1048576K
}
Event: 8.292 GC heap before
{Heap before GC invocations=14 (full 0):
 garbage-first heap   total 120832K, used 91900K [0x0000000080000000, 0x0000000100000000)
  region size 1024K, 48 young (49152K), 2 survivors (2048K)
 Metaspace       used 63600K, capacity 65120K, committed 65404K, reserved 1105920K
  class space    used 8025K, capacity 8582K, committed 8704K, reserved 1048576K
}
Event: 8.297 GC heap after
{Heap after GC invocations=15 (full 0):
 garbage-first heap   total 145408K, used 49702K [0x0000000080000000, 0x0000000100000000)
  region size 1024K, 6 young (6144K), 6 survivors (6144K)
 Metaspace       used 63600K, capacity 65120K, committed 65404K, reserved 1105920K
  class space    used 8025K, capacity 8582K, committed 8704K, reserved 1048576K
}
Event: 8.647 GC heap before
{Heap before GC invocations=16 (full 0):
 garbage-first heap   total 145408K, used 103974K [0x0000000080000000, 0x0000000100000000)
  region size 1024K, 59 young (60416K), 6 survivors (6144K)
 Metaspace       used 65684K, capacity 67244K, committed 67580K, reserved 1107968K
  class space    used 8337K, capacity 8961K, committed 9088K, reserved 1048576K
}
Event: 8.653 GC heap after
{Heap after GC invocations=17 (full 0):
 garbage-first heap   total 145408K, used 53441K [0x0000000080000000, 0x0000000100000000)
  region size 1024K, 4 young (4096K), 4 survivors (4096K)
 Metaspace       used 65684K, capacity 67244K, committed 67580K, reserved 1107968K
  class space    used 8337K, capacity 8961K, committed 9088K, reserved 1048576K
}
Event: 9.383 GC heap before
{Heap before GC invocations=17 (full 0):
 garbage-first heap   total 145408K, used 107713K [0x0000000080000000, 0x0000000100000000)
  region size 1024K, 57 young (58368K), 4 survivors (4096K)
 Metaspace       used 71522K, capacity 73194K, committed 73340K, reserved 1112064K
  class space    used 9272K, capacity 9931K, committed 9984K, reserved 1048576K
}
Event: 9.388 GC heap after
{Heap after GC invocations=18 (full 0):
 garbage-first heap   total 145408K, used 57039K [0x0000000080000000, 0x0000000100000000)
  region size 1024K, 8 young (8192K), 8 survivors (8192K)
 Metaspace       used 71522K, capacity 73194K, committed 73340K, reserved 1112064K
  class space    used 9272K, capacity 9931K, committed 9984K, reserved 1048576K
}

