# JRE version: OpenJDK Runtime Environment (11.0.12+7) (build 11.0.12+7-b1504.28-7817840)
# Java VM: OpenJDK 64-Bit Server VM (11.0.12+7-b1504.28-7817840, mixed mode, tiered, compressed oops, g1 gc, windows-amd64)
Heap:
 garbage-first heap   total 145408K, used 29072K [0x0000000080000000, 0x0000000100000000)
  region size 1024K, 3 young (3072K), 3 survivors (3072K)
 Metaspace       used 43865K, capacity 44800K, committed 44880K, reserved 1087488K
  class space    used 5569K, capacity 5948K, committed 6016K, reserved 1048576K
GC Heap History (15 events):
Event: 0.547 GC heap before
{Heap before GC invocations=0 (full 0):
 garbage-first heap   total 120832K, used 29696K [0x0000000080000000, 0x0000000100000000)
  region size 1024K, 24 young (24576K), 0 survivors (0K)
 Metaspace       used 9810K, capacity 9968K, committed 10112K, reserved 1058816K
  class space    used 1008K, capacity 1069K, committed 1152K, reserved 1048576K
}
Event: 0.553 GC heap after
{Heap after GC invocations=1 (full 0):
 garbage-first heap   total 120832K, used 9216K [0x0000000080000000, 0x0000000100000000)
  region size 1024K, 3 young (3072K), 3 survivors (3072K)
 Metaspace       used 9810K, capacity 9968K, committed 10112K, reserved 1058816K
  class space    used 1008K, capacity 1069K, committed 1152K, reserved 1048576K
}
Event: 1.932 GC heap before
{Heap before GC invocations=1 (full 0):
 garbage-first heap   total 120832K, used 77824K [0x0000000080000000, 0x0000000100000000)
  region size 1024K, 70 young (71680K), 3 survivors (3072K)
 Metaspace       used 16528K, capacity 16856K, committed 17152K, reserved 1064960K
  class space    used 1883K, capacity 2002K, committed 2048K, reserved 1048576K
}
Event: 1.936 GC heap after
{Heap after GC invocations=2 (full 0):
 garbage-first heap   total 120832K, used 15665K [0x0000000080000000, 0x0000000100000000)
  region size 1024K, 9 young (9216K), 9 survivors (9216K)
 Metaspace       used 16528K, capacity 16856K, committed 17152K, reserved 1064960K
  class space    used 1883K, capacity 2002K, committed 2048K, reserved 1048576K
}
Event: 2.212 GC heap before
{Heap before GC invocations=2 (full 0):
 garbage-first heap   total 120832K, used 53553K [0x0000000080000000, 0x0000000100000000)
  region size 1024K, 47 young (48128K), 9 survivors (9216K)
 Metaspace       used 20759K, capacity 21179K, committed 21296K, reserved 1069056K
  class space    used 2534K, capacity 2678K, committed 2688K, reserved 1048576K
}
Event: 2.221 GC heap after
{Heap after GC invocations=3 (full 0):
 garbage-first heap   total 120832K, used 17023K [0x0000000080000000, 0x0000000100000000)
  region size 1024K, 2 young (2048K), 2 survivors (2048K)
 Metaspace       used 20759K, capacity 21179K, committed 21296K, reserved 1069056K
  class space    used 2534K, capacity 2678K, committed 2688K, reserved 1048576K
}
Event: 2.612 GC heap before
{Heap before GC invocations=4 (full 0):
 garbage-first heap   total 120832K, used 69247K [0x0000000080000000, 0x0000000100000000)
  region size 1024K, 53 young (54272K), 2 survivors (2048K)
 Metaspace       used 26241K, capacity 26827K, committed 27008K, reserved 1073152K
  class space    used 3387K, capacity 3587K, committed 3712K, reserved 1048576K
}
Event: 2.615 GC heap after
{Heap after GC invocations=5 (full 0):
 garbage-first heap   total 120832K, used 18655K [0x0000000080000000, 0x0000000100000000)
  region size 1024K, 4 young (4096K), 4 survivors (4096K)
 Metaspace       used 26241K, capacity 26827K, committed 27008K, reserved 1073152K
  class space    used 3387K, capacity 3587K, committed 3712K, reserved 1048576K
}
Event: 3.094 GC heap before
{Heap before GC invocations=5 (full 0):
 garbage-first heap   total 120832K, used 74975K [0x0000000080000000, 0x0000000100000000)
  region size 1024K, 59 young (60416K), 4 survivors (4096K)
 Metaspace       used 32676K, capacity 33502K, committed 33536K, reserved 1079296K
  class space    used 4302K, capacity 4606K, committed 4608K, reserved 1048576K
}
Event: 3.098 GC heap after
{Heap after GC invocations=6 (full 0):
 garbage-first heap   total 120832K, used 21202K [0x0000000080000000, 0x0000000100000000)
  region size 1024K, 6 young (6144K), 6 survivors (6144K)
 Metaspace       used 32676K, capacity 33502K, committed 33536K, reserved 1079296K
  class space    used 4302K, capacity 4606K, committed 4608K, reserved 1048576K
}
Event: 3.168 GC heap before
{Heap before GC invocations=6 (full 0):
 garbage-first heap   total 120832K, used 25298K [0x0000000080000000, 0x0000000100000000)
  region size 1024K, 11 young (11264K), 6 survivors (6144K)
 Metaspace       used 35068K, capacity 35862K, committed 36048K, reserved 1081344K
  class space    used 4531K, capacity 4839K, committed 4864K, reserved 1048576K
}
Event: 3.175 GC heap after
{Heap after GC invocations=7 (full 0):
 garbage-first heap   total 120832K, used 22197K [0x0000000080000000, 0x0000000100000000)
  region size 1024K, 4 young (4096K), 4 survivors (4096K)
 Metaspace       used 35068K, capacity 35862K, committed 36048K, reserved 1081344K
  class space    used 4531K, capacity 4839K, committed 4864K, reserved 1048576K
}
Event: 3.553 GC heap before
{Heap before GC invocations=8 (full 0):
 garbage-first heap   total 120832K, used 73397K [0x0000000080000000, 0x0000000100000000)
  region size 1024K, 52 young (53248K), 4 survivors (4096K)
 Metaspace       used 39497K, capacity 40424K, committed 40656K, reserved 1085440K
  class space    used 5018K, capacity 5354K, committed 5376K, reserved 1048576K
}
Event: 3.558 GC heap after
{Heap after GC invocations=9 (full 0):
 garbage-first heap   total 120832K, used 26215K [0x0000000080000000, 0x0000000100000000)
  region size 1024K, 7 young (7168K), 7 survivors (7168K)
 Metaspace       used 39497K, capacity 40424K, committed 40656K, reserved 1085440K
  class space    used 5018K, capacity 5354K, committed 5376K, reserved 1048576K
}
Event: 3.934 GC heap before
{Heap before GC invocations=9 (full 0):
 garbage-first heap   total 120832K, used 76391K [0x0000000080000000, 0x0000000100000000)
  region size 1024K, 56 young (57344K), 7 survivors (7168K)
 Metaspace       used 43865K, capacity 44800K, committed 44880K, reserved 1087488K
  class space    used 5569K, capacity 5948K, committed 6016K, reserved 1048576K
}

