# JRE version: OpenJDK Runtime Environment (11.0.12+7) (build 11.0.12+7-b1504.28-7817840)
# Java VM: OpenJDK 64-Bit Server VM (11.0.12+7-b1504.28-7817840, mixed mode, tiered, compressed oops, g1 gc, windows-amd64)
Heap:
 garbage-first heap   total 145408K, used 106569K [0x0000000080000000, 0x0000000100000000)
  region size 1024K, 3 young (3072K), 2 survivors (2048K)
 Metaspace       used 90080K, capacity 92617K, committed 92912K, reserved 1130496K
  class space    used 11437K, capacity 12363K, committed 12440K, reserved 1048576K
GC Heap History (20 events):
Event: 381.095 GC heap before
{Heap before GC invocations=36 (full 0):
 garbage-first heap   total 145408K, used 95662K [0x0000000080000000, 0x0000000100000000)
  region size 1024K, 7 young (7168K), 3 survivors (3072K)
 Metaspace       used 85187K, capacity 87548K, committed 87792K, reserved 1126400K
  class space    used 10941K, capacity 11830K, committed 11928K, reserved 1048576K
}
Event: 381.105 GC heap after
{Heap after GC invocations=37 (full 0):
 garbage-first heap   total 145408K, used 83993K [0x0000000080000000, 0x0000000100000000)
  region size 1024K, 1 young (1024K), 1 survivors (1024K)
 Metaspace       used 85187K, capacity 87548K, committed 87792K, reserved 1126400K
  class space    used 10941K, capacity 11830K, committed 11928K, reserved 1048576K
}
Event: 381.372 GC heap before
{Heap before GC invocations=37 (full 0):
 garbage-first heap   total 145408K, used 105497K [0x0000000080000000, 0x0000000100000000)
  region size 1024K, 24 young (24576K), 1 survivors (1024K)
 Metaspace       used 86231K, capacity 88639K, committed 88944K, reserved 1126400K
  class space    used 11013K, capacity 11923K, committed 12056K, reserved 1048576K
}
Event: 381.386 GC heap after
{Heap after GC invocations=38 (full 0):
 garbage-first heap   total 145408K, used 87184K [0x0000000080000000, 0x0000000100000000)
  region size 1024K, 4 young (4096K), 4 survivors (4096K)
 Metaspace       used 86231K, capacity 88639K, committed 88944K, reserved 1126400K
  class space    used 11013K, capacity 11923K, committed 12056K, reserved 1048576K
}
Event: 381.710 GC heap before
{Heap before GC invocations=39 (full 0):
 garbage-first heap   total 145408K, used 118928K [0x0000000080000000, 0x0000000100000000)
  region size 1024K, 34 young (34816K), 4 survivors (4096K)
 Metaspace       used 87464K, capacity 89809K, committed 90096K, reserved 1128448K
  class space    used 11152K, capacity 12039K, committed 12184K, reserved 1048576K
}
Event: 381.721 GC heap after
{Heap after GC invocations=40 (full 0):
 garbage-first heap   total 145408K, used 100325K [0x0000000080000000, 0x0000000100000000)
  region size 1024K, 5 young (5120K), 5 survivors (5120K)
 Metaspace       used 87464K, capacity 89809K, committed 90096K, reserved 1128448K
  class space    used 11152K, capacity 12039K, committed 12184K, reserved 1048576K
}
Event: 381.727 GC heap before
{Heap before GC invocations=40 (full 0):
 garbage-first heap   total 145408K, used 102373K [0x0000000080000000, 0x0000000100000000)
  region size 1024K, 7 young (7168K), 5 survivors (5120K)
 Metaspace       used 87464K, capacity 89809K, committed 90096K, reserved 1128448K
  class space    used 11152K, capacity 12039K, committed 12184K, reserved 1048576K
}
Event: 381.736 GC heap after
{Heap after GC invocations=41 (full 0):
 garbage-first heap   total 145408K, used 96797K [0x0000000080000000, 0x0000000100000000)
  region size 1024K, 1 young (1024K), 1 survivors (1024K)
 Metaspace       used 87464K, capacity 89809K, committed 90096K, reserved 1128448K
  class space    used 11152K, capacity 12039K, committed 12184K, reserved 1048576K
}
Event: 381.839 GC heap before
{Heap before GC invocations=41 (full 0):
 garbage-first heap   total 145408K, used 104989K [0x0000000080000000, 0x0000000100000000)
  region size 1024K, 11 young (11264K), 1 survivors (1024K)
 Metaspace       used 87655K, capacity 89969K, committed 90096K, reserved 1128448K
  class space    used 11164K, capacity 12071K, committed 12184K, reserved 1048576K
}
Event: 381.843 GC heap after
{Heap after GC invocations=42 (full 0):
 garbage-first heap   total 145408K, used 101356K [0x0000000080000000, 0x0000000100000000)
  region size 1024K, 3 young (3072K), 3 survivors (3072K)
 Metaspace       used 87655K, capacity 89969K, committed 90096K, reserved 1128448K
  class space    used 11164K, capacity 12071K, committed 12184K, reserved 1048576K
}
Event: 381.966 GC heap before
{Heap before GC invocations=43 (full 0):
 garbage-first heap   total 145408K, used 123884K [0x0000000080000000, 0x0000000100000000)
  region size 1024K, 17 young (17408K), 3 survivors (3072K)
 Metaspace       used 87720K, capacity 90036K, committed 90352K, reserved 1128448K
  class space    used 11170K, capacity 12072K, committed 12184K, reserved 1048576K
}
Event: 381.969 GC heap after
{Heap after GC invocations=44 (full 0):
 garbage-first heap   total 145408K, used 104451K [0x0000000080000000, 0x0000000100000000)
  region size 1024K, 2 young (2048K), 2 survivors (2048K)
 Metaspace       used 87720K, capacity 90036K, committed 90352K, reserved 1128448K
  class space    used 11170K, capacity 12072K, committed 12184K, reserved 1048576K
}
Event: 381.991 GC heap before
{Heap before GC invocations=44 (full 0):
 garbage-first heap   total 145408K, used 109571K [0x0000000080000000, 0x0000000100000000)
  region size 1024K, 7 young (7168K), 2 survivors (2048K)
 Metaspace       used 87720K, capacity 90036K, committed 90352K, reserved 1128448K
  class space    used 11170K, capacity 12072K, committed 12184K, reserved 1048576K
}
Event: 381.995 GC heap after
{Heap after GC invocations=45 (full 0):
 garbage-first heap   total 145408K, used 103619K [0x0000000080000000, 0x0000000100000000)
  region size 1024K, 1 young (1024K), 1 survivors (1024K)
 Metaspace       used 87720K, capacity 90036K, committed 90352K, reserved 1128448K
  class space    used 11170K, capacity 12072K, committed 12184K, reserved 1048576K
}
Event: 382.115 GC heap before
{Heap before GC invocations=45 (full 0):
 garbage-first heap   total 145408K, used 117955K [0x0000000080000000, 0x0000000100000000)
  region size 1024K, 15 young (15360K), 1 survivors (1024K)
 Metaspace       used 87800K, capacity 90116K, committed 90352K, reserved 1128448K
  class space    used 11178K, capacity 12075K, committed 12184K, reserved 1048576K
}
Event: 382.122 GC heap after
{Heap after GC invocations=46 (full 0):
 garbage-first heap   total 145408K, used 107390K [0x0000000080000000, 0x0000000100000000)
  region size 1024K, 2 young (2048K), 2 survivors (2048K)
 Metaspace       used 87800K, capacity 90116K, committed 90352K, reserved 1128448K
  class space    used 11178K, capacity 12075K, committed 12184K, reserved 1048576K
}
Event: 382.317 GC heap before
{Heap before GC invocations=47 (full 0):
 garbage-first heap   total 145408K, used 135038K [0x0000000080000000, 0x0000000100000000)
  region size 1024K, 15 young (15360K), 2 survivors (2048K)
 Metaspace       used 88579K, capacity 91005K, committed 91120K, reserved 1128448K
  class space    used 11259K, capacity 12150K, committed 12184K, reserved 1048576K
}
Event: 382.322 GC heap after
{Heap after GC invocations=48 (full 0):
 garbage-first heap   total 145408K, used 107856K [0x0000000080000000, 0x0000000100000000)
  region size 1024K, 2 young (2048K), 2 survivors (2048K)
 Metaspace       used 88579K, capacity 91005K, committed 91120K, reserved 1128448K
  class space    used 11259K, capacity 12150K, committed 12184K, reserved 1048576K
}
Event: 382.361 GC heap before
{Heap before GC invocations=48 (full 0):
 garbage-first heap   total 145408K, used 112976K [0x0000000080000000, 0x0000000100000000)
  region size 1024K, 7 young (7168K), 2 survivors (2048K)
 Metaspace       used 89140K, capacity 91640K, committed 91760K, reserved 1128448K
  class space    used 11323K, capacity 12230K, committed 12312K, reserved 1048576K
}
Event: 382.369 GC heap after
{Heap after GC invocations=49 (full 0):
 garbage-first heap   total 145408K, used 106030K [0x0000000080000000, 0x0000000100000000)
  region size 1024K, 1 young (1024K), 1 survivors (1024K)
 Metaspace       used 89140K, capacity 91640K, committed 91760K, reserved 1128448K
  class space    used 11323K, capacity 12230K, committed 12312K, reserved 1048576K
}

