# JRE version: OpenJDK Runtime Environment (11.0.12+7) (build 11.0.12+7-b1504.28-7817840)
# Java VM: OpenJDK 64-Bit Server VM (11.0.12+7-b1504.28-7817840, mixed mode, tiered, compressed oops, g1 gc, windows-amd64)
Heap:
 garbage-first heap   total 305152K, used 183519K [0x0000000080000000, 0x0000000100000000)
  region size 1024K, 41 young (41984K), 7 survivors (7168K)
 Metaspace       used 113223K, capacity 116116K, committed 116400K, reserved 1150976K
  class space    used 13993K, capacity 15070K, committed 15104K, reserved 1048576K
GC Heap History (20 events):
Event: 124.417 GC heap before
{Heap before GC invocations=59 (full 0):
 garbage-first heap   total 210944K, used 157343K [0x0000000080000000, 0x0000000100000000)
  region size 1024K, 10 young (10240K), 3 survivors (3072K)
 Metaspace       used 104904K, capacity 107775K, committed 108080K, reserved 1142784K
  class space    used 13107K, capacity 14155K, committed 14208K, reserved 1048576K
}
Event: 124.421 GC heap after
{Heap after GC invocations=60 (full 0):
 garbage-first heap   total 210944K, used 132734K [0x0000000080000000, 0x0000000100000000)
  region size 1024K, 2 young (2048K), 2 survivors (2048K)
 Metaspace       used 104904K, capacity 107775K, committed 108080K, reserved 1142784K
  class space    used 13107K, capacity 14155K, committed 14208K, reserved 1048576K
}
Event: 124.508 GC heap before
{Heap before GC invocations=60 (full 0):
 garbage-first heap   total 210944K, used 160382K [0x0000000080000000, 0x0000000100000000)
  region size 1024K, 30 young (30720K), 2 survivors (2048K)
 Metaspace       used 105500K, capacity 108319K, committed 108720K, reserved 1144832K
  class space    used 13136K, capacity 14187K, committed 14336K, reserved 1048576K
}
Event: 124.512 GC heap after
{Heap after GC invocations=61 (full 0):
 garbage-first heap   total 210944K, used 135261K [0x0000000080000000, 0x0000000100000000)
  region size 1024K, 4 young (4096K), 4 survivors (4096K)
 Metaspace       used 105500K, capacity 108319K, committed 108720K, reserved 1144832K
  class space    used 13136K, capacity 14187K, committed 14336K, reserved 1048576K
}
Event: 124.644 GC heap before
{Heap before GC invocations=62 (full 0):
 garbage-first heap   total 210944K, used 163933K [0x0000000080000000, 0x0000000100000000)
  region size 1024K, 33 young (33792K), 4 survivors (4096K)
 Metaspace       used 106333K, capacity 109119K, committed 109488K, reserved 1144832K
  class space    used 13193K, capacity 14219K, committed 14336K, reserved 1048576K
}
Event: 124.649 GC heap after
{Heap after GC invocations=63 (full 0):
 garbage-first heap   total 210944K, used 136518K [0x0000000080000000, 0x0000000100000000)
  region size 1024K, 3 young (3072K), 3 survivors (3072K)
 Metaspace       used 106333K, capacity 109119K, committed 109488K, reserved 1144832K
  class space    used 13193K, capacity 14219K, committed 14336K, reserved 1048576K
}
Event: 124.676 GC heap before
{Heap before GC invocations=63 (full 0):
 garbage-first heap   total 210944K, used 143686K [0x0000000080000000, 0x0000000100000000)
  region size 1024K, 10 young (10240K), 3 survivors (3072K)
 Metaspace       used 106380K, capacity 109183K, committed 109488K, reserved 1144832K
  class space    used 13197K, capacity 14219K, committed 14336K, reserved 1048576K
}
Event: 124.682 GC heap after
{Heap after GC invocations=64 (full 0):
 garbage-first heap   total 253952K, used 137732K [0x0000000080000000, 0x0000000100000000)
  region size 1024K, 2 young (2048K), 2 survivors (2048K)
 Metaspace       used 106380K, capacity 109183K, committed 109488K, reserved 1144832K
  class space    used 13197K, capacity 14219K, committed 14336K, reserved 1048576K
}
Event: 124.970 GC heap before
{Heap before GC invocations=64 (full 0):
 garbage-first heap   total 253952K, used 186884K [0x0000000080000000, 0x0000000100000000)
  region size 1024K, 49 young (50176K), 2 survivors (2048K)
 Metaspace       used 106584K, capacity 109431K, committed 109744K, reserved 1144832K
  class space    used 13214K, capacity 14259K, committed 14336K, reserved 1048576K
}
Event: 124.974 GC heap after
{Heap after GC invocations=65 (full 0):
 garbage-first heap   total 253952K, used 143713K [0x0000000080000000, 0x0000000100000000)
  region size 1024K, 6 young (6144K), 6 survivors (6144K)
 Metaspace       used 106584K, capacity 109431K, committed 109744K, reserved 1144832K
  class space    used 13214K, capacity 14259K, committed 14336K, reserved 1048576K
}
Event: 125.070 GC heap before
{Heap before GC invocations=65 (full 0):
 garbage-first heap   total 253952K, used 190817K [0x0000000080000000, 0x0000000100000000)
  region size 1024K, 53 young (54272K), 6 survivors (6144K)
 Metaspace       used 106589K, capacity 109431K, committed 109744K, reserved 1144832K
  class space    used 13214K, capacity 14259K, committed 14336K, reserved 1048576K
}
Event: 125.072 GC heap after
{Heap after GC invocations=66 (full 0):
 garbage-first heap   total 253952K, used 144198K [0x0000000080000000, 0x0000000100000000)
  region size 1024K, 2 young (2048K), 2 survivors (2048K)
 Metaspace       used 106589K, capacity 109431K, committed 109744K, reserved 1144832K
  class space    used 13214K, capacity 14259K, committed 14336K, reserved 1048576K
}
Event: 125.158 GC heap before
{Heap before GC invocations=66 (full 0):
 garbage-first heap   total 253952K, used 195398K [0x0000000080000000, 0x0000000100000000)
  region size 1024K, 52 young (53248K), 2 survivors (2048K)
 Metaspace       used 106589K, capacity 109431K, committed 109744K, reserved 1144832K
  class space    used 13214K, capacity 14259K, committed 14336K, reserved 1048576K
}
Event: 125.160 GC heap after
{Heap after GC invocations=67 (full 0):
 garbage-first heap   total 253952K, used 144863K [0x0000000080000000, 0x0000000100000000)
  region size 1024K, 2 young (2048K), 2 survivors (2048K)
 Metaspace       used 106589K, capacity 109431K, committed 109744K, reserved 1144832K
  class space    used 13214K, capacity 14259K, committed 14336K, reserved 1048576K
}
Event: 125.636 GC heap before
{Heap before GC invocations=67 (full 0):
 garbage-first heap   total 253952K, used 200159K [0x0000000080000000, 0x0000000100000000)
  region size 1024K, 55 young (56320K), 2 survivors (2048K)
 Metaspace       used 109030K, capacity 111927K, committed 112176K, reserved 1146880K
  class space    used 13518K, capacity 14597K, committed 14720K, reserved 1048576K
}
Event: 125.638 GC heap after
{Heap after GC invocations=68 (full 0):
 garbage-first heap   total 253952K, used 144102K [0x0000000080000000, 0x0000000100000000)
  region size 1024K, 3 young (3072K), 3 survivors (3072K)
 Metaspace       used 109030K, capacity 111927K, committed 112176K, reserved 1146880K
  class space    used 13518K, capacity 14597K, committed 14720K, reserved 1048576K
}
Event: 125.999 GC heap before
{Heap before GC invocations=68 (full 0):
 garbage-first heap   total 253952K, used 200422K [0x0000000080000000, 0x0000000100000000)
  region size 1024K, 59 young (60416K), 3 survivors (3072K)
 Metaspace       used 111887K, capacity 114718K, committed 114992K, reserved 1148928K
  class space    used 13853K, capacity 14927K, committed 14976K, reserved 1048576K
}
Event: 126.003 GC heap after
{Heap after GC invocations=69 (full 0):
 garbage-first heap   total 253952K, used 147241K [0x0000000080000000, 0x0000000100000000)
  region size 1024K, 7 young (7168K), 7 survivors (7168K)
 Metaspace       used 111887K, capacity 114718K, committed 114992K, reserved 1148928K
  class space    used 13853K, capacity 14927K, committed 14976K, reserved 1048576K
}
Event: 126.410 GC heap before
{Heap before GC invocations=69 (full 0):
 garbage-first heap   total 253952K, used 202537K [0x0000000080000000, 0x0000000100000000)
  region size 1024K, 62 young (63488K), 7 survivors (7168K)
 Metaspace       used 113117K, capacity 116045K, committed 116144K, reserved 1150976K
  class space    used 13984K, capacity 15068K, committed 15104K, reserved 1048576K
}
Event: 126.420 GC heap after
{Heap after GC invocations=70 (full 0):
 garbage-first heap   total 305152K, used 149727K [0x0000000080000000, 0x0000000100000000)
  region size 1024K, 7 young (7168K), 7 survivors (7168K)
 Metaspace       used 113117K, capacity 116045K, committed 116144K, reserved 1150976K
  class space    used 13984K, capacity 15068K, committed 15104K, reserved 1048576K
}

