# JRE version: OpenJDK Runtime Environment (11.0.12+7) (build 11.0.12+7-b1504.28-7817840)
# Java VM: OpenJDK 64-Bit Server VM (11.0.12+7-b1504.28-7817840, mixed mode, tiered, compressed oops, g1 gc, windows-amd64)
Heap:
 garbage-first heap   total 145408K, used 84611K [0x0000000080000000, 0x0000000100000000)
  region size 1024K, 59 young (60416K), 4 survivors (4096K)
 Metaspace       used 48816K, capacity 50122K, committed 50172K, reserved 1093632K
  class space    used 6248K, capacity 6741K, committed 6784K, reserved 1048576K
GC Heap History (16 events):
Event: 0.502 GC heap before
{Heap before GC invocations=0 (full 0):
 garbage-first heap   total 120832K, used 29696K [0x0000000080000000, 0x0000000100000000)
  region size 1024K, 24 young (24576K), 0 survivors (0K)
 Metaspace       used 9811K, capacity 10024K, committed 10112K, reserved 1058816K
  class space    used 1008K, capacity 1069K, committed 1152K, reserved 1048576K
}
Event: 0.508 GC heap after
{Heap after GC invocations=1 (full 0):
 garbage-first heap   total 120832K, used 9401K [0x0000000080000000, 0x0000000100000000)
  region size 1024K, 3 young (3072K), 3 survivors (3072K)
 Metaspace       used 9811K, capacity 10024K, committed 10112K, reserved 1058816K
  class space    used 1008K, capacity 1069K, committed 1152K, reserved 1048576K
}
Event: 1.627 GC heap before
{Heap before GC invocations=1 (full 0):
 garbage-first heap   total 120832K, used 78009K [0x0000000080000000, 0x0000000100000000)
  region size 1024K, 70 young (71680K), 3 survivors (3072K)
 Metaspace       used 16608K, capacity 17008K, committed 17152K, reserved 1064960K
  class space    used 1892K, capacity 2034K, committed 2048K, reserved 1048576K
}
Event: 1.631 GC heap after
{Heap after GC invocations=2 (full 0):
 garbage-first heap   total 120832K, used 16417K [0x0000000080000000, 0x0000000100000000)
  region size 1024K, 9 young (9216K), 9 survivors (9216K)
 Metaspace       used 16608K, capacity 17008K, committed 17152K, reserved 1064960K
  class space    used 1892K, capacity 2034K, committed 2048K, reserved 1048576K
}
Event: 1.930 GC heap before
{Heap before GC invocations=2 (full 0):
 garbage-first heap   total 120832K, used 54305K [0x0000000080000000, 0x0000000100000000)
  region size 1024K, 47 young (48128K), 9 survivors (9216K)
 Metaspace       used 20749K, capacity 21171K, committed 21296K, reserved 1069056K
  class space    used 2533K, capacity 2678K, committed 2688K, reserved 1048576K
}
Event: 1.935 GC heap after
{Heap after GC invocations=3 (full 0):
 garbage-first heap   total 120832K, used 17410K [0x0000000080000000, 0x0000000100000000)
  region size 1024K, 2 young (2048K), 2 survivors (2048K)
 Metaspace       used 20749K, capacity 21171K, committed 21296K, reserved 1069056K
  class space    used 2533K, capacity 2678K, committed 2688K, reserved 1048576K
}
Event: 2.352 GC heap before
{Heap before GC invocations=4 (full 0):
 garbage-first heap   total 120832K, used 68610K [0x0000000080000000, 0x0000000100000000)
  region size 1024K, 52 young (53248K), 2 survivors (2048K)
 Metaspace       used 26050K, capacity 26583K, committed 26800K, reserved 1073152K
  class space    used 3354K, capacity 3551K, committed 3584K, reserved 1048576K
}
Event: 2.354 GC heap after
{Heap after GC invocations=5 (full 0):
 garbage-first heap   total 120832K, used 19141K [0x0000000080000000, 0x0000000100000000)
  region size 1024K, 4 young (4096K), 4 survivors (4096K)
 Metaspace       used 26050K, capacity 26583K, committed 26800K, reserved 1073152K
  class space    used 3354K, capacity 3551K, committed 3584K, reserved 1048576K
}
Event: 2.825 GC heap before
{Heap before GC invocations=5 (full 0):
 garbage-first heap   total 120832K, used 74437K [0x0000000080000000, 0x0000000100000000)
  region size 1024K, 58 young (59392K), 4 survivors (4096K)
 Metaspace       used 32210K, capacity 32978K, committed 33200K, reserved 1077248K
  class space    used 4279K, capacity 4562K, committed 4608K, reserved 1048576K
}
Event: 2.828 GC heap after
{Heap after GC invocations=6 (full 0):
 garbage-first heap   total 120832K, used 21434K [0x0000000080000000, 0x0000000100000000)
  region size 1024K, 6 young (6144K), 6 survivors (6144K)
 Metaspace       used 32210K, capacity 32978K, committed 33200K, reserved 1077248K
  class space    used 4279K, capacity 4562K, committed 4608K, reserved 1048576K
}
Event: 2.943 GC heap before
{Heap before GC invocations=6 (full 0):
 garbage-first heap   total 120832K, used 26554K [0x0000000080000000, 0x0000000100000000)
  region size 1024K, 12 young (12288K), 6 survivors (6144K)
 Metaspace       used 34841K, capacity 35630K, committed 35708K, reserved 1081344K
  class space    used 4486K, capacity 4807K, committed 4864K, reserved 1048576K
}
Event: 2.952 GC heap after
{Heap after GC invocations=7 (full 0):
 garbage-first heap   total 120832K, used 22507K [0x0000000080000000, 0x0000000100000000)
  region size 1024K, 4 young (4096K), 4 survivors (4096K)
 Metaspace       used 34841K, capacity 35630K, committed 35708K, reserved 1081344K
  class space    used 4486K, capacity 4807K, committed 4864K, reserved 1048576K
}
Event: 3.356 GC heap before
{Heap before GC invocations=8 (full 0):
 garbage-first heap   total 120832K, used 78827K [0x0000000080000000, 0x0000000100000000)
  region size 1024K, 57 young (58368K), 4 survivors (4096K)
 Metaspace       used 39523K, capacity 40480K, committed 40572K, reserved 1085440K
  class space    used 5020K, capacity 5354K, committed 5376K, reserved 1048576K
}
Event: 3.360 GC heap after
{Heap after GC invocations=9 (full 0):
 garbage-first heap   total 120832K, used 26915K [0x0000000080000000, 0x0000000100000000)
  region size 1024K, 8 young (8192K), 8 survivors (8192K)
 Metaspace       used 39523K, capacity 40480K, committed 40572K, reserved 1085440K
  class space    used 5020K, capacity 5354K, committed 5376K, reserved 1048576K
}
Event: 3.855 GC heap before
{Heap before GC invocations=9 (full 0):
 garbage-first heap   total 120832K, used 81187K [0x0000000080000000, 0x0000000100000000)
  region size 1024K, 61 young (62464K), 8 survivors (8192K)
 Metaspace       used 44494K, capacity 45501K, committed 45692K, reserved 1089536K
  class space    used 5680K, capacity 6057K, committed 6144K, reserved 1048576K
}
Event: 3.860 GC heap after
{Heap after GC invocations=10 (full 0):
 garbage-first heap   total 145408K, used 29315K [0x0000000080000000, 0x0000000100000000)
  region size 1024K, 4 young (4096K), 4 survivors (4096K)
 Metaspace       used 44494K, capacity 45501K, committed 45692K, reserved 1089536K
  class space    used 5680K, capacity 6057K, committed 6144K, reserved 1048576K
}

