# JRE version: OpenJDK Runtime Environment (11.0.12+7) (build 11.0.12+7-b1504.28-7817840)
# Java VM: OpenJDK 64-Bit Server VM (11.0.12+7-b1504.28-7817840, mixed mode, tiered, compressed oops, g1 gc, windows-amd64)
Heap:
 garbage-first heap   total 120832K, used 54924K [0x0000000080000000, 0x0000000100000000)
  region size 1024K, 37 young (37888K), 4 survivors (4096K)
 Metaspace       used 37888K, capacity 38794K, committed 38984K, reserved 1083392K
  class space    used 4860K, capacity 5198K, committed 5324K, reserved 1048576K
GC Heap History (12 events):
Event: 0.670 GC heap before
{Heap before GC invocations=0 (full 0):
 garbage-first heap   total 120832K, used 29696K [0x0000000080000000, 0x0000000100000000)
  region size 1024K, 24 young (24576K), 0 survivors (0K)
 Metaspace       used 9821K, capacity 10024K, committed 10112K, reserved 1058816K
  class space    used 1008K, capacity 1069K, committed 1152K, reserved 1048576K
}
Event: 0.677 GC heap after
{Heap after GC invocations=1 (full 0):
 garbage-first heap   total 120832K, used 9014K [0x0000000080000000, 0x0000000100000000)
  region size 1024K, 3 young (3072K), 3 survivors (3072K)
 Metaspace       used 9821K, capacity 10024K, committed 10112K, reserved 1058816K
  class space    used 1008K, capacity 1069K, committed 1152K, reserved 1048576K
}
Event: 2.526 GC heap before
{Heap before GC invocations=1 (full 0):
 garbage-first heap   total 120832K, used 77622K [0x0000000080000000, 0x0000000100000000)
  region size 1024K, 70 young (71680K), 3 survivors (3072K)
 Metaspace       used 16704K, capacity 17072K, committed 17152K, reserved 1064960K
  class space    used 1909K, capacity 2034K, committed 2048K, reserved 1048576K
}
Event: 2.534 GC heap after
{Heap after GC invocations=2 (full 0):
 garbage-first heap   total 120832K, used 15414K [0x0000000080000000, 0x0000000100000000)
  region size 1024K, 9 young (9216K), 9 survivors (9216K)
 Metaspace       used 16704K, capacity 17072K, committed 17152K, reserved 1064960K
  class space    used 1909K, capacity 2034K, committed 2048K, reserved 1048576K
}
Event: 2.945 GC heap before
{Heap before GC invocations=2 (full 0):
 garbage-first heap   total 120832K, used 52278K [0x0000000080000000, 0x0000000100000000)
  region size 1024K, 46 young (47104K), 9 survivors (9216K)
 Metaspace       used 20783K, capacity 21171K, committed 21296K, reserved 1069056K
  class space    used 2535K, capacity 2678K, committed 2688K, reserved 1048576K
}
Event: 2.954 GC heap after
{Heap after GC invocations=3 (full 0):
 garbage-first heap   total 120832K, used 16981K [0x0000000080000000, 0x0000000100000000)
  region size 1024K, 2 young (2048K), 2 survivors (2048K)
 Metaspace       used 20783K, capacity 21171K, committed 21296K, reserved 1069056K
  class space    used 2535K, capacity 2678K, committed 2688K, reserved 1048576K
}
Event: 3.520 GC heap before
{Heap before GC invocations=4 (full 0):
 garbage-first heap   total 120832K, used 69205K [0x0000000080000000, 0x0000000100000000)
  region size 1024K, 53 young (54272K), 2 survivors (2048K)
 Metaspace       used 26296K, capacity 26819K, committed 27184K, reserved 1073152K
  class space    used 3393K, capacity 3587K, committed 3712K, reserved 1048576K
}
Event: 3.524 GC heap after
{Heap after GC invocations=5 (full 0):
 garbage-first heap   total 120832K, used 18756K [0x0000000080000000, 0x0000000100000000)
  region size 1024K, 4 young (4096K), 4 survivors (4096K)
 Metaspace       used 26296K, capacity 26819K, committed 27184K, reserved 1073152K
  class space    used 3393K, capacity 3587K, committed 3712K, reserved 1048576K
}
Event: 4.252 GC heap before
{Heap before GC invocations=5 (full 0):
 garbage-first heap   total 120832K, used 75076K [0x0000000080000000, 0x0000000100000000)
  region size 1024K, 59 young (60416K), 4 survivors (4096K)
 Metaspace       used 32822K, capacity 33558K, committed 33712K, reserved 1079296K
  class space    used 4320K, capacity 4606K, committed 4608K, reserved 1048576K
}
Event: 4.256 GC heap after
{Heap after GC invocations=6 (full 0):
 garbage-first heap   total 120832K, used 21282K [0x0000000080000000, 0x0000000100000000)
  region size 1024K, 6 young (6144K), 6 survivors (6144K)
 Metaspace       used 32822K, capacity 33558K, committed 33712K, reserved 1079296K
  class space    used 4320K, capacity 4606K, committed 4608K, reserved 1048576K
}
Event: 4.356 GC heap before
{Heap before GC invocations=6 (full 0):
 garbage-first heap   total 120832K, used 24354K [0x0000000080000000, 0x0000000100000000)
  region size 1024K, 10 young (10240K), 6 survivors (6144K)
 Metaspace       used 34859K, capacity 35662K, committed 35708K, reserved 1081344K
  class space    used 4501K, capacity 4839K, committed 4864K, reserved 1048576K
}
Event: 4.370 GC heap after
{Heap after GC invocations=7 (full 0):
 garbage-first heap   total 120832K, used 22156K [0x0000000080000000, 0x0000000100000000)
  region size 1024K, 4 young (4096K), 4 survivors (4096K)
 Metaspace       used 34859K, capacity 35662K, committed 35708K, reserved 1081344K
  class space    used 4501K, capacity 4839K, committed 4864K, reserved 1048576K
}

