# JRE version: OpenJDK Runtime Environment (11.0.12+7) (build 11.0.12+7-b1504.28-7817840)
# Java VM: OpenJDK 64-Bit Server VM (11.0.12+7-b1504.28-7817840, mixed mode, tiered, compressed oops, g1 gc, windows-amd64)
Heap:
 garbage-first heap   total 210944K, used 119324K [0x0000000080000000, 0x0000000100000000)
  region size 1024K, 34 young (34816K), 2 survivors (2048K)
 Metaspace       used 93931K, capacity 96368K, committed 96592K, reserved 1132544K
  class space    used 11956K, capacity 12824K, committed 12928K, reserved 1048576K
GC Heap History (20 events):
Event: 8.669 GC heap before
{Heap before GC invocations=20 (full 0):
 garbage-first heap   total 175104K, used 124162K [0x0000000080000000, 0x0000000100000000)
  region size 1024K, 66 young (67584K), 8 survivors (8192K)
 Metaspace       used 82329K, capacity 84513K, committed 84560K, reserved 1122304K
  class space    used 10792K, capacity 11637K, committed 11648K, reserved 1048576K
}
Event: 8.676 GC heap after
{Heap after GC invocations=21 (full 0):
 garbage-first heap   total 175104K, used 70556K [0x0000000080000000, 0x0000000100000000)
  region size 1024K, 9 young (9216K), 9 survivors (9216K)
 Metaspace       used 82329K, capacity 84513K, committed 84560K, reserved 1122304K
  class space    used 10792K, capacity 11637K, committed 11648K, reserved 1048576K
}
Event: 8.967 GC heap before
{Heap before GC invocations=21 (full 0):
 garbage-first heap   total 175104K, used 129948K [0x0000000080000000, 0x0000000100000000)
  region size 1024K, 68 young (69632K), 9 survivors (9216K)
 Metaspace       used 84571K, capacity 86824K, committed 86864K, reserved 1124352K
  class space    used 11006K, capacity 11868K, committed 11904K, reserved 1048576K
}
Event: 8.974 GC heap after
{Heap after GC invocations=22 (full 0):
 garbage-first heap   total 175104K, used 73732K [0x0000000080000000, 0x0000000100000000)
  region size 1024K, 8 young (8192K), 8 survivors (8192K)
 Metaspace       used 84571K, capacity 86824K, committed 86864K, reserved 1124352K
  class space    used 11006K, capacity 11868K, committed 11904K, reserved 1048576K
}
Event: 9.287 GC heap before
{Heap before GC invocations=22 (full 0):
 garbage-first heap   total 175104K, used 133124K [0x0000000080000000, 0x0000000100000000)
  region size 1024K, 67 young (68608K), 8 survivors (8192K)
 Metaspace       used 87466K, capacity 89682K, committed 89808K, reserved 1126400K
  class space    used 11353K, capacity 12223K, committed 12288K, reserved 1048576K
}
Event: 9.292 GC heap after
{Heap after GC invocations=23 (full 0):
 garbage-first heap   total 175104K, used 76604K [0x0000000080000000, 0x0000000100000000)
  region size 1024K, 7 young (7168K), 7 survivors (7168K)
 Metaspace       used 87466K, capacity 89682K, committed 89808K, reserved 1126400K
  class space    used 11353K, capacity 12223K, committed 12288K, reserved 1048576K
}
Event: 11.166 GC heap before
{Heap before GC invocations=23 (full 0):
 garbage-first heap   total 175104K, used 134972K [0x0000000080000000, 0x0000000100000000)
  region size 1024K, 65 young (66560K), 7 survivors (7168K)
 Metaspace       used 89657K, capacity 91994K, committed 92112K, reserved 1128448K
  class space    used 11613K, capacity 12487K, committed 12544K, reserved 1048576K
}
Event: 11.172 GC heap after
{Heap after GC invocations=24 (full 0):
 garbage-first heap   total 175104K, used 80874K [0x0000000080000000, 0x0000000100000000)
  region size 1024K, 8 young (8192K), 8 survivors (8192K)
 Metaspace       used 89657K, capacity 91994K, committed 92112K, reserved 1128448K
  class space    used 11613K, capacity 12487K, committed 12544K, reserved 1048576K
}
Event: 11.320 GC heap before
{Heap before GC invocations=24 (full 0):
 garbage-first heap   total 175104K, used 93162K [0x0000000080000000, 0x0000000100000000)
  region size 1024K, 21 young (21504K), 8 survivors (8192K)
 Metaspace       used 91052K, capacity 93506K, committed 93648K, reserved 1130496K
  class space    used 11796K, capacity 12708K, committed 12800K, reserved 1048576K
}
Event: 11.325 GC heap after
{Heap after GC invocations=25 (full 0):
 garbage-first heap   total 175104K, used 82594K [0x0000000080000000, 0x0000000100000000)
  region size 1024K, 6 young (6144K), 6 survivors (6144K)
 Metaspace       used 91052K, capacity 93506K, committed 93648K, reserved 1130496K
  class space    used 11796K, capacity 12708K, committed 12800K, reserved 1048576K
}
Event: 11.538 GC heap before
{Heap before GC invocations=26 (full 0):
 garbage-first heap   total 175104K, used 103074K [0x0000000080000000, 0x0000000100000000)
  region size 1024K, 10 young (10240K), 6 survivors (6144K)
 Metaspace       used 91070K, capacity 93293K, committed 93904K, reserved 1130496K
  class space    used 11741K, capacity 12584K, committed 12800K, reserved 1048576K
}
Event: 11.545 GC heap after
{Heap after GC invocations=27 (full 0):
 garbage-first heap   total 175104K, used 81993K [0x0000000080000000, 0x0000000100000000)
  region size 1024K, 2 young (2048K), 2 survivors (2048K)
 Metaspace       used 91070K, capacity 93293K, committed 93904K, reserved 1130496K
  class space    used 11741K, capacity 12584K, committed 12800K, reserved 1048576K
}
Event: 41.076 GC heap before
{Heap before GC invocations=28 (full 0):
 garbage-first heap   total 175104K, used 150601K [0x0000000080000000, 0x0000000100000000)
  region size 1024K, 61 young (62464K), 2 survivors (2048K)
 Metaspace       used 92832K, capacity 95123K, committed 95568K, reserved 1132544K
  class space    used 11893K, capacity 12714K, committed 12928K, reserved 1048576K
}
Event: 41.083 GC heap after
{Heap after GC invocations=29 (full 0):
 garbage-first heap   total 210944K, used 87253K [0x0000000080000000, 0x0000000100000000)
  region size 1024K, 7 young (7168K), 7 survivors (7168K)
 Metaspace       used 92832K, capacity 95123K, committed 95568K, reserved 1132544K
  class space    used 11893K, capacity 12714K, committed 12928K, reserved 1048576K
}
Event: 42.425 GC heap before
{Heap before GC invocations=29 (full 0):
 garbage-first heap   total 210944K, used 151765K [0x0000000080000000, 0x0000000100000000)
  region size 1024K, 63 young (64512K), 7 survivors (7168K)
 Metaspace       used 92991K, capacity 95206K, committed 95568K, reserved 1132544K
  class space    used 11896K, capacity 12718K, committed 12928K, reserved 1048576K
}
Event: 42.441 GC heap after
{Heap after GC invocations=30 (full 0):
 garbage-first heap   total 210944K, used 101770K [0x0000000080000000, 0x0000000100000000)
  region size 1024K, 6 young (6144K), 6 survivors (6144K)
 Metaspace       used 92991K, capacity 95206K, committed 95568K, reserved 1132544K
  class space    used 11896K, capacity 12718K, committed 12928K, reserved 1048576K
}
Event: 105.896 GC heap before
{Heap before GC invocations=31 (full 0):
 garbage-first heap   total 210944K, used 187786K [0x0000000080000000, 0x0000000100000000)
  region size 1024K, 73 young (74752K), 6 survivors (6144K)
 Metaspace       used 93630K, capacity 95948K, committed 96336K, reserved 1132544K
  class space    used 11934K, capacity 12785K, committed 12928K, reserved 1048576K
}
Event: 105.901 GC heap after
{Heap after GC invocations=32 (full 0):
 garbage-first heap   total 210944K, used 88955K [0x0000000080000000, 0x0000000100000000)
  region size 1024K, 2 young (2048K), 2 survivors (2048K)
 Metaspace       used 93630K, capacity 95948K, committed 96336K, reserved 1132544K
  class space    used 11934K, capacity 12785K, committed 12928K, reserved 1048576K
}
Event: 106.007 GC heap before
{Heap before GC invocations=32 (full 0):
 garbage-first heap   total 210944K, used 97147K [0x0000000080000000, 0x0000000100000000)
  region size 1024K, 10 young (10240K), 2 survivors (2048K)
 Metaspace       used 93660K, capacity 95960K, committed 96336K, reserved 1132544K
  class space    used 11935K, capacity 12787K, committed 12928K, reserved 1048576K
}
Event: 106.011 GC heap after
{Heap after GC invocations=33 (full 0):
 garbage-first heap   total 210944K, used 88604K [0x0000000080000000, 0x0000000100000000)
  region size 1024K, 2 young (2048K), 2 survivors (2048K)
 Metaspace       used 93660K, capacity 95960K, committed 96336K, reserved 1132544K
  class space    used 11935K, capacity 12787K, committed 12928K, reserved 1048576K
}

