# JRE version: OpenJDK Runtime Environment (11.0.12+7) (build 11.0.12+7-b1504.28-7817840)
# Java VM: OpenJDK 64-Bit Server VM (11.0.12+7-b1504.28-7817840, mixed mode, tiered, compressed oops, g1 gc, windows-amd64)
Heap:
 garbage-first heap   total 175104K, used 75008K [0x0000000080000000, 0x0000000100000000)
  region size 1024K, 4 young (4096K), 4 survivors (4096K)
 Metaspace       used 83072K, capacity 85347K, committed 85564K, reserved 1124352K
  class space    used 10867K, capacity 11751K, committed 11776K, reserved 1048576K
GC Heap History (20 events):
Event: 6.177 GC heap after
{Heap after GC invocations=11 (full 0):
 garbage-first heap   total 120832K, used 31528K [0x0000000080000000, 0x0000000100000000)
  region size 1024K, 5 young (5120K), 5 survivors (5120K)
 Metaspace       used 48312K, capacity 49573K, committed 49788K, reserved 1093632K
  class space    used 6187K, capacity 6648K, committed 6656K, reserved 1048576K
}
Event: 6.745 GC heap before
{Heap before GC invocations=11 (full 0):
 garbage-first heap   total 120832K, used 91944K [0x0000000080000000, 0x0000000100000000)
  region size 1024K, 60 young (61440K), 5 survivors (5120K)
 Metaspace       used 51936K, capacity 53291K, committed 53372K, reserved 1095680K
  class space    used 6613K, capacity 7123K, committed 7168K, reserved 1048576K
}
Event: 6.749 GC heap after
{Heap after GC invocations=12 (full 0):
 garbage-first heap   total 120832K, used 43837K [0x0000000080000000, 0x0000000100000000)
  region size 1024K, 8 young (8192K), 8 survivors (8192K)
 Metaspace       used 51936K, capacity 53291K, committed 53372K, reserved 1095680K
  class space    used 6613K, capacity 7123K, committed 7168K, reserved 1048576K
}
Event: 7.305 GC heap before
{Heap before GC invocations=12 (full 0):
 garbage-first heap   total 120832K, used 89917K [0x0000000080000000, 0x0000000100000000)
  region size 1024K, 54 young (55296K), 8 survivors (8192K)
 Metaspace       used 58393K, capacity 59788K, committed 59900K, reserved 1101824K
  class space    used 7421K, capacity 7960K, committed 8064K, reserved 1048576K
}
Event: 7.313 GC heap after
{Heap after GC invocations=13 (full 0):
 garbage-first heap   total 120832K, used 45896K [0x0000000080000000, 0x0000000100000000)
  region size 1024K, 2 young (2048K), 2 survivors (2048K)
 Metaspace       used 58393K, capacity 59788K, committed 59900K, reserved 1101824K
  class space    used 7421K, capacity 7960K, committed 8064K, reserved 1048576K
}
Event: 7.814 GC heap before
{Heap before GC invocations=14 (full 0):
 garbage-first heap   total 120832K, used 91976K [0x0000000080000000, 0x0000000100000000)
  region size 1024K, 48 young (49152K), 2 survivors (2048K)
 Metaspace       used 63685K, capacity 65187K, committed 65340K, reserved 1105920K
  class space    used 8051K, capacity 8624K, committed 8704K, reserved 1048576K
}
Event: 7.820 GC heap after
{Heap after GC invocations=15 (full 0):
 garbage-first heap   total 145408K, used 49846K [0x0000000080000000, 0x0000000100000000)
  region size 1024K, 6 young (6144K), 6 survivors (6144K)
 Metaspace       used 63685K, capacity 65187K, committed 65340K, reserved 1105920K
  class space    used 8051K, capacity 8624K, committed 8704K, reserved 1048576K
}
Event: 8.215 GC heap before
{Heap before GC invocations=16 (full 0):
 garbage-first heap   total 145408K, used 105142K [0x0000000080000000, 0x0000000100000000)
  region size 1024K, 59 young (60416K), 6 survivors (6144K)
 Metaspace       used 65687K, capacity 67311K, committed 67516K, reserved 1107968K
  class space    used 8339K, capacity 8961K, committed 9088K, reserved 1048576K
}
Event: 8.220 GC heap after
{Heap after GC invocations=17 (full 0):
 garbage-first heap   total 145408K, used 53888K [0x0000000080000000, 0x0000000100000000)
  region size 1024K, 4 young (4096K), 4 survivors (4096K)
 Metaspace       used 65687K, capacity 67311K, committed 67516K, reserved 1107968K
  class space    used 8339K, capacity 8961K, committed 9088K, reserved 1048576K
}
Event: 8.849 GC heap before
{Heap before GC invocations=17 (full 0):
 garbage-first heap   total 145408K, used 108160K [0x0000000080000000, 0x0000000100000000)
  region size 1024K, 57 young (58368K), 4 survivors (4096K)
 Metaspace       used 71599K, capacity 73266K, committed 73532K, reserved 1114112K
  class space    used 9284K, capacity 9932K, committed 9984K, reserved 1048576K
}
Event: 8.853 GC heap after
{Heap after GC invocations=18 (full 0):
 garbage-first heap   total 145408K, used 57332K [0x0000000080000000, 0x0000000100000000)
  region size 1024K, 8 young (8192K), 8 survivors (8192K)
 Metaspace       used 71599K, capacity 73266K, committed 73532K, reserved 1114112K
  class space    used 9284K, capacity 9932K, committed 9984K, reserved 1048576K
}
Event: 9.414 GC heap before
{Heap before GC invocations=18 (full 0):
 garbage-first heap   total 145408K, used 110580K [0x0000000080000000, 0x0000000100000000)
  region size 1024K, 60 young (61440K), 8 survivors (8192K)
 Metaspace       used 77314K, capacity 78999K, committed 79292K, reserved 1118208K
  class space    used 10101K, capacity 10772K, committed 10880K, reserved 1048576K
}
Event: 9.422 GC heap after
{Heap after GC invocations=19 (full 0):
 garbage-first heap   total 145408K, used 60074K [0x0000000080000000, 0x0000000100000000)
  region size 1024K, 7 young (7168K), 7 survivors (7168K)
 Metaspace       used 77314K, capacity 78999K, committed 79292K, reserved 1118208K
  class space    used 10101K, capacity 10772K, committed 10880K, reserved 1048576K
}
Event: 9.939 GC heap before
{Heap before GC invocations=19 (full 0):
 garbage-first heap   total 145408K, used 112298K [0x0000000080000000, 0x0000000100000000)
  region size 1024K, 59 young (60416K), 7 survivors (7168K)
 Metaspace       used 81465K, capacity 83675K, committed 83900K, reserved 1122304K
  class space    used 10755K, capacity 11562K, committed 11648K, reserved 1048576K
}
Event: 9.945 GC heap after
{Heap after GC invocations=20 (full 0):
 garbage-first heap   total 145408K, used 64367K [0x0000000080000000, 0x0000000100000000)
  region size 1024K, 8 young (8192K), 8 survivors (8192K)
 Metaspace       used 81465K, capacity 83675K, committed 83900K, reserved 1122304K
  class space    used 10755K, capacity 11562K, committed 11648K, reserved 1048576K
}
Event: 10.232 GC heap before
{Heap before GC invocations=20 (full 0):
 garbage-first heap   total 145408K, used 114543K [0x0000000080000000, 0x0000000100000000)
  region size 1024K, 58 young (59392K), 8 survivors (8192K)
 Metaspace       used 82123K, capacity 84344K, committed 84540K, reserved 1122304K
  class space    used 10813K, capacity 11713K, committed 11776K, reserved 1048576K
}
Event: 10.244 GC heap after
{Heap after GC invocations=21 (full 0):
 garbage-first heap   total 145408K, used 68187K [0x0000000080000000, 0x0000000100000000)
  region size 1024K, 8 young (8192K), 8 survivors (8192K)
 Metaspace       used 82123K, capacity 84344K, committed 84540K, reserved 1122304K
  class space    used 10813K, capacity 11713K, committed 11776K, reserved 1048576K
}
Event: 10.511 GC heap before
{Heap before GC invocations=21 (full 0):
 garbage-first heap   total 145408K, used 116315K [0x0000000080000000, 0x0000000100000000)
  region size 1024K, 56 young (57344K), 8 survivors (8192K)
 Metaspace       used 82901K, capacity 85236K, committed 85308K, reserved 1122304K
  class space    used 10865K, capacity 11748K, committed 11776K, reserved 1048576K
}
Event: 10.517 GC heap after
{Heap after GC invocations=22 (full 0):
 garbage-first heap   total 145408K, used 71831K [0x0000000080000000, 0x0000000100000000)
  region size 1024K, 5 young (5120K), 5 survivors (5120K)
 Metaspace       used 82901K, capacity 85236K, committed 85308K, reserved 1122304K
  class space    used 10865K, capacity 11748K, committed 11776K, reserved 1048576K
}
Event: 10.644 GC heap before
{Heap before GC invocations=22 (full 0):
 garbage-first heap   total 145408K, used 116887K [0x0000000080000000, 0x0000000100000000)
  region size 1024K, 50 young (51200K), 5 survivors (5120K)
 Metaspace       used 83072K, capacity 85347K, committed 85564K, reserved 1124352K
  class space    used 10867K, capacity 11751K, committed 11776K, reserved 1048576K
}

