# JRE version: OpenJDK Runtime Environment (11.0.12+7) (build 11.0.12+7-b1504.28-7817840)
# Java VM: OpenJDK 64-Bit Server VM (11.0.12+7-b1504.28-7817840, mixed mode, tiered, compressed oops, g1 gc, windows-amd64)
Heap:
 garbage-first heap   total 120832K, used 31082K [0x0000000080000000, 0x0000000100000000)
  region size 1024K, 17 young (17408K), 2 survivors (2048K)
 Metaspace       used 21421K, capacity 21929K, committed 22144K, reserved 1075200K
  class space    used 2640K, capacity 2826K, committed 2944K, reserved 1048576K
GC Heap History (6 events):
Event: 0.709 GC heap before
{Heap before GC invocations=0 (full 0):
 garbage-first heap   total 120832K, used 29696K [0x0000000080000000, 0x0000000100000000)
  region size 1024K, 24 young (24576K), 0 survivors (0K)
 Metaspace       used 9867K, capacity 10096K, committed 10368K, reserved 1058816K
  class space    used 1017K, capacity 1069K, committed 1152K, reserved 1048576K
}
Event: 0.719 GC heap after
{Heap after GC invocations=1 (full 0):
 garbage-first heap   total 120832K, used 9300K [0x0000000080000000, 0x0000000100000000)
  region size 1024K, 3 young (3072K), 3 survivors (3072K)
 Metaspace       used 9867K, capacity 10096K, committed 10368K, reserved 1058816K
  class space    used 1017K, capacity 1069K, committed 1152K, reserved 1048576K
}
Event: 2.699 GC heap before
{Heap before GC invocations=1 (full 0):
 garbage-first heap   total 120832K, used 75860K [0x0000000080000000, 0x0000000100000000)
  region size 1024K, 69 young (70656K), 3 survivors (3072K)
 Metaspace       used 16234K, capacity 16555K, committed 16640K, reserved 1071104K
  class space    used 1841K, capacity 1965K, committed 2048K, reserved 1048576K
}
Event: 2.726 GC heap after
{Heap after GC invocations=2 (full 0):
 garbage-first heap   total 120832K, used 15444K [0x0000000080000000, 0x0000000100000000)
  region size 1024K, 9 young (9216K), 9 survivors (9216K)
 Metaspace       used 16234K, capacity 16555K, committed 16640K, reserved 1071104K
  class space    used 1841K, capacity 1965K, committed 2048K, reserved 1048576K
}
Event: 3.078 GC heap before
{Heap before GC invocations=3 (full 0):
 garbage-first heap   total 120832K, used 43092K [0x0000000080000000, 0x0000000100000000)
  region size 1024K, 36 young (36864K), 9 survivors (9216K)
 Metaspace       used 19552K, capacity 19955K, committed 20224K, reserved 1073152K
  class space    used 2376K, capacity 2504K, committed 2560K, reserved 1048576K
}
Event: 3.085 GC heap after
{Heap after GC invocations=4 (full 0):
 garbage-first heap   total 120832K, used 16746K [0x0000000080000000, 0x0000000100000000)
  region size 1024K, 2 young (2048K), 2 survivors (2048K)
 Metaspace       used 19552K, capacity 19955K, committed 20224K, reserved 1073152K
  class space    used 2376K, capacity 2504K, committed 2560K, reserved 1048576K
}

